TN:
SF:src\app.js
FN:24,(anonymous_0)
FN:62,(anonymous_1)
FNF:2
FNH:0
FNDA:0,(anonymous_0)
FNDA:0,(anonymous_1)
DA:1,0
DA:2,0
DA:3,0
DA:4,0
DA:5,0
DA:6,0
DA:8,0
DA:9,0
DA:10,0
DA:11,0
DA:14,0
DA:17,0
DA:20,0
DA:23,0
DA:26,0
DA:27,0
DA:30,0
DA:31,0
DA:34,0
DA:43,0
DA:44,0
DA:45,0
DA:46,0
DA:49,0
DA:50,0
DA:52,0
DA:56,0
DA:57,0
DA:58,0
DA:62,0
DA:63,0
DA:74,0
DA:77,0
DA:80,0
DA:82,0
LF:35
LH:0
BRDA:26,0,0,0
BRDA:26,0,1,0
BRDA:30,1,0,0
BRDA:30,1,1,0
BRDA:49,2,0,0
BRDA:49,2,1,0
BRDA:56,3,0,0
BRDA:56,3,1,0
BRF:8
BRH:0
end_of_record
TN:
SF:src\controllers\ai.controller.js
FN:17,(anonymous_0)
FN:23,(anonymous_1)
FN:31,(anonymous_2)
FN:37,(anonymous_3)
FN:45,(anonymous_4)
FN:52,(anonymous_5)
FN:63,(anonymous_6)
FN:74,(anonymous_7)
FN:83,(anonymous_8)
FN:95,(anonymous_9)
FN:104,(anonymous_10)
FN:159,(anonymous_11)
FN:178,(anonymous_12)
FN:201,(anonymous_13)
FNF:14
FNH:0
FNDA:0,(anonymous_0)
FNDA:0,(anonymous_1)
FNDA:0,(anonymous_2)
FNDA:0,(anonymous_3)
FNDA:0,(anonymous_4)
FNDA:0,(anonymous_5)
FNDA:0,(anonymous_6)
FNDA:0,(anonymous_7)
FNDA:0,(anonymous_8)
FNDA:0,(anonymous_9)
FNDA:0,(anonymous_10)
FNDA:0,(anonymous_11)
FNDA:0,(anonymous_12)
FNDA:0,(anonymous_13)
DA:6,0
DA:7,0
DA:8,0
DA:9,0
DA:10,0
DA:11,0
DA:12,0
DA:13,0
DA:17,0
DA:18,0
DA:20,0
DA:23,0
DA:24,0
DA:26,0
DA:31,0
DA:32,0
DA:34,0
DA:37,0
DA:38,0
DA:40,0
DA:45,0
DA:46,0
DA:47,0
DA:49,0
DA:52,0
DA:53,0
DA:54,0
DA:58,0
DA:63,0
DA:64,0
DA:65,0
DA:67,0
DA:68,0
DA:71,0
DA:74,0
DA:75,0
DA:76,0
DA:78,0
DA:83,0
DA:84,0
DA:86,0
DA:92,0
DA:95,0
DA:96,0
DA:97,0
DA:99,0
DA:104,0
DA:105,0
DA:106,0
DA:108,0
DA:109,0
DA:110,0
DA:112,0
DA:113,0
DA:114,0
DA:115,0
DA:118,0
DA:119,0
DA:120,0
DA:121,0
DA:124,0
DA:125,0
DA:126,0
DA:127,0
DA:130,0
DA:132,0
DA:136,0
DA:138,0
DA:156,0
DA:157,0
DA:159,0
DA:178,0
DA:179,0
DA:180,0
DA:182,0
DA:186,0
DA:190,0
DA:192,0
DA:193,0
DA:196,0
DA:201,0
DA:202,0
DA:220,0
DA:230,0
LF:84
LH:0
BRDA:47,0,0,0
BRDA:47,0,1,0
BRDA:55,1,0,0
BRDA:55,1,1,0
BRDA:67,2,0,0
BRDA:67,2,1,0
BRDA:105,3,0,0
BRDA:105,4,0,0
BRDA:112,5,0,0
BRDA:112,5,1,0
BRDA:118,6,0,0
BRDA:118,6,1,0
BRDA:124,7,0,0
BRDA:124,7,1,0
BRDA:130,8,0,0
BRDA:130,8,1,0
BRDA:182,9,0,0
BRDA:182,9,1,0
BRDA:186,10,0,0
BRDA:186,10,1,0
BRDA:192,11,0,0
BRDA:192,11,1,0
BRF:22
BRH:0
end_of_record
TN:
SF:src\controllers\attendance.controller.js
FN:15,(anonymous_0)
FN:43,(anonymous_1)
FN:53,(anonymous_2)
FN:79,(anonymous_3)
FN:103,(anonymous_4)
FN:123,(anonymous_5)
FN:144,(anonymous_6)
FN:156,(anonymous_7)
FNF:8
FNH:0
FNDA:0,(anonymous_0)
FNDA:0,(anonymous_1)
FNDA:0,(anonymous_2)
FNDA:0,(anonymous_3)
FNDA:0,(anonymous_4)
FNDA:0,(anonymous_5)
FNDA:0,(anonymous_6)
FNDA:0,(anonymous_7)
DA:6,0
DA:7,0
DA:8,0
DA:9,0
DA:15,0
DA:16,0
DA:17,0
DA:19,0
DA:20,0
DA:21,0
DA:23,0
DA:26,0
DA:36,0
DA:43,0
DA:44,0
DA:46,0
DA:53,0
DA:54,0
DA:56,0
DA:57,0
DA:61,0
DA:62,0
DA:63,0
DA:66,0
DA:72,0
DA:79,0
DA:80,0
DA:82,0
DA:83,0
DA:86,0
DA:87,0
DA:88,0
DA:91,0
DA:96,0
DA:103,0
DA:104,0
DA:106,0
DA:116,0
DA:123,0
DA:124,0
DA:125,0
DA:127,0
DA:128,0
DA:129,0
DA:131,0
DA:137,0
DA:144,0
DA:145,0
DA:147,0
DA:149,0
DA:156,0
DA:157,0
DA:159,0
DA:161,0
DA:164,0
LF:55
LH:0
BRDA:19,0,0,0
BRDA:19,0,1,0
BRDA:20,1,0,0
BRDA:20,1,1,0
BRDA:27,2,0,0
BRDA:27,2,1,0
BRDA:28,3,0,0
BRDA:28,3,1,0
BRDA:56,4,0,0
BRDA:56,4,1,0
BRDA:56,5,0,0
BRDA:56,5,1,0
BRDA:56,5,2,0
BRDA:61,6,0,0
BRDA:61,6,1,0
BRDA:62,7,0,0
BRDA:62,7,1,0
BRDA:82,8,0,0
BRDA:82,8,1,0
BRDA:82,9,0,0
BRDA:82,9,1,0
BRDA:82,9,2,0
BRDA:86,10,0,0
BRDA:86,10,1,0
BRDA:87,11,0,0
BRDA:87,11,1,0
BRDA:128,12,0,0
BRDA:128,12,1,0
BRDA:129,13,0,0
BRDA:129,13,1,0
BRF:30
BRH:0
end_of_record
TN:
SF:src\controllers\auth.controller.js
FN:16,(anonymous_0)
FN:30,(anonymous_1)
FN:62,(anonymous_2)
FN:97,(anonymous_3)
FN:113,(anonymous_4)
FN:127,(anonymous_5)
FN:137,(anonymous_6)
FNF:7
FNH:0
FNDA:0,(anonymous_0)
FNDA:0,(anonymous_1)
FNDA:0,(anonymous_2)
FNDA:0,(anonymous_3)
FNDA:0,(anonymous_4)
FNDA:0,(anonymous_5)
FNDA:0,(anonymous_6)
DA:6,0
DA:7,0
DA:8,0
DA:9,0
DA:10,0
DA:16,0
DA:17,0
DA:19,0
DA:21,0
DA:30,0
DA:31,0
DA:32,0
DA:34,0
DA:42,0
DA:49,0
DA:62,0
DA:64,0
DA:65,0
DA:66,0
DA:68,0
DA:70,0
DA:77,0
DA:84,0
DA:97,0
DA:98,0
DA:99,0
DA:101,0
DA:104,0
DA:106,0
DA:113,0
DA:114,0
DA:116,0
DA:118,0
DA:120,0
DA:127,0
DA:128,0
DA:130,0
DA:137,0
DA:138,0
DA:139,0
DA:141,0
DA:149,0
DA:151,0
DA:154,0
LF:44
LH:0
BRDA:64,0,0,0
BRDA:64,0,1,0
BRDA:65,1,0,0
BRDA:65,1,1,0
BRDA:98,2,0,0
BRDA:98,2,1,0
BRF:6
BRH:0
end_of_record
TN:
SF:src\controllers\department.controller.js
FN:9,(anonymous_0)
FN:18,(anonymous_1)
FN:24,(anonymous_2)
FN:30,(anonymous_3)
FN:36,(anonymous_4)
FNF:5
FNH:0
FNDA:0,(anonymous_0)
FNDA:0,(anonymous_1)
FNDA:0,(anonymous_2)
FNDA:0,(anonymous_3)
FNDA:0,(anonymous_4)
DA:5,0
DA:6,0
DA:7,0
DA:9,0
DA:10,0
DA:11,0
DA:15,0
DA:18,0
DA:19,0
DA:21,0
DA:24,0
DA:25,0
DA:27,0
DA:30,0
DA:31,0
DA:33,0
DA:36,0
DA:37,0
DA:39,0
DA:42,0
LF:20
LH:0
BRF:0
BRH:0
end_of_record
TN:
SF:src\controllers\employee.controller.js
FN:15,(anonymous_0)
FN:35,(anonymous_1)
FN:54,(anonymous_2)
FN:68,(anonymous_3)
FN:78,(anonymous_4)
FN:88,(anonymous_5)
FN:98,(anonymous_6)
FN:108,(anonymous_7)
FN:118,(anonymous_8)
FNF:9
FNH:0
FNDA:0,(anonymous_0)
FNDA:0,(anonymous_1)
FNDA:0,(anonymous_2)
FNDA:0,(anonymous_3)
FNDA:0,(anonymous_4)
FNDA:0,(anonymous_5)
FNDA:0,(anonymous_6)
FNDA:0,(anonymous_7)
FNDA:0,(anonymous_8)
DA:6,0
DA:7,0
DA:8,0
DA:9,0
DA:15,0
DA:16,0
DA:18,0
DA:28,0
DA:35,0
DA:36,0
DA:38,0
DA:39,0
DA:40,0
DA:42,0
DA:43,0
DA:47,0
DA:54,0
DA:55,0
DA:56,0
DA:59,0
DA:61,0
DA:68,0
DA:69,0
DA:71,0
DA:78,0
DA:79,0
DA:81,0
DA:88,0
DA:89,0
DA:91,0
DA:98,0
DA:99,0
DA:101,0
DA:108,0
DA:109,0
DA:111,0
DA:118,0
DA:119,0
DA:121,0
DA:122,0
DA:123,0
DA:125,0
DA:126,0
DA:130,0
DA:136,0
DA:139,0
LF:46
LH:0
BRDA:19,0,0,0
BRDA:19,0,1,0
BRDA:20,1,0,0
BRDA:20,1,1,0
BRDA:38,2,0,0
BRDA:38,2,1,0
BRDA:39,3,0,0
BRDA:39,3,1,0
BRDA:42,4,0,0
BRDA:42,4,1,0
BRDA:55,5,0,0
BRDA:55,5,1,0
BRDA:121,6,0,0
BRDA:121,6,1,0
BRDA:122,7,0,0
BRDA:122,7,1,0
BRDA:125,8,0,0
BRDA:125,8,1,0
BRDA:131,9,0,0
BRDA:131,9,1,0
BRDA:132,10,0,0
BRDA:132,10,1,0
BRDA:133,11,0,0
BRDA:133,11,1,0
BRF:24
BRH:0
end_of_record
TN:
SF:src\controllers\leave.controller.js
FN:15,(anonymous_0)
FN:43,(anonymous_1)
FN:56,(anonymous_2)
FN:88,(anonymous_3)
FN:98,(anonymous_4)
FN:110,(anonymous_5)
FN:125,(anonymous_6)
FN:135,(anonymous_7)
FN:152,(anonymous_8)
FN:170,(anonymous_9)
FNF:10
FNH:0
FNDA:0,(anonymous_0)
FNDA:0,(anonymous_1)
FNDA:0,(anonymous_2)
FNDA:0,(anonymous_3)
FNDA:0,(anonymous_4)
FNDA:0,(anonymous_5)
FNDA:0,(anonymous_6)
FNDA:0,(anonymous_7)
FNDA:0,(anonymous_8)
FNDA:0,(anonymous_9)
DA:6,0
DA:7,0
DA:8,0
DA:9,0
DA:15,0
DA:16,0
DA:17,0
DA:19,0
DA:20,0
DA:21,0
DA:23,0
DA:26,0
DA:36,0
DA:43,0
DA:44,0
DA:45,0
DA:46,0
DA:49,0
DA:56,0
DA:57,0
DA:59,0
DA:60,0
DA:64,0
DA:65,0
DA:66,0
DA:69,0
DA:81,0
DA:88,0
DA:89,0
DA:91,0
DA:98,0
DA:99,0
DA:101,0
DA:103,0
DA:110,0
DA:111,0
DA:112,0
DA:113,0
DA:116,0
DA:118,0
DA:125,0
DA:126,0
DA:128,0
DA:135,0
DA:136,0
DA:137,0
DA:139,0
DA:140,0
DA:143,0
DA:145,0
DA:152,0
DA:153,0
DA:155,0
DA:163,0
DA:170,0
DA:171,0
DA:173,0
DA:176,0
LF:58
LH:0
BRDA:19,0,0,0
BRDA:19,0,1,0
BRDA:20,1,0,0
BRDA:20,1,1,0
BRDA:27,2,0,0
BRDA:27,2,1,0
BRDA:28,3,0,0
BRDA:28,3,1,0
BRDA:45,4,0,0
BRDA:45,4,1,0
BRDA:45,5,0,0
BRDA:45,5,1,0
BRDA:59,6,0,0
BRDA:59,6,1,0
BRDA:59,7,0,0
BRDA:59,7,1,0
BRDA:59,7,2,0
BRDA:64,8,0,0
BRDA:64,8,1,0
BRDA:65,9,0,0
BRDA:65,9,1,0
BRDA:112,10,0,0
BRDA:112,10,1,0
BRDA:112,11,0,0
BRDA:112,11,1,0
BRDA:139,12,0,0
BRDA:139,12,1,0
BRDA:139,13,0,0
BRDA:139,13,1,0
BRDA:158,14,0,0
BRDA:158,14,1,0
BRF:31
BRH:0
end_of_record
TN:
SF:src\controllers\notification.controller.js
FN:5,(anonymous_0)
FN:18,(anonymous_1)
FN:27,(anonymous_2)
FNF:3
FNH:0
FNDA:0,(anonymous_0)
FNDA:0,(anonymous_1)
FNDA:0,(anonymous_2)
DA:1,0
DA:2,0
DA:3,0
DA:5,0
DA:6,0
DA:8,0
DA:15,0
DA:18,0
DA:19,0
DA:24,0
DA:27,0
DA:28,0
DA:32,0
DA:35,0
LF:14
LH:0
BRDA:10,0,0,0
BRDA:10,0,1,0
BRDA:11,1,0,0
BRDA:11,1,1,0
BRF:4
BRH:0
end_of_record
TN:
SF:src\controllers\payroll.controller.js
FN:14,(anonymous_0)
FN:30,(anonymous_1)
FN:39,(anonymous_2)
FN:54,(anonymous_3)
FN:63,(anonymous_4)
FN:72,(anonymous_5)
FN:99,(anonymous_6)
FN:112,(anonymous_7)
FN:141,(anonymous_8)
FN:152,(anonymous_9)
FNF:10
FNH:0
FNDA:0,(anonymous_0)
FNDA:0,(anonymous_1)
FNDA:0,(anonymous_2)
FNDA:0,(anonymous_3)
FNDA:0,(anonymous_4)
FNDA:0,(anonymous_5)
FNDA:0,(anonymous_6)
FNDA:0,(anonymous_7)
FNDA:0,(anonymous_8)
FNDA:0,(anonymous_9)
DA:5,0
DA:6,0
DA:7,0
DA:8,0
DA:9,0
DA:14,0
DA:15,0
DA:17,0
DA:24,0
DA:30,0
DA:31,0
DA:33,0
DA:39,0
DA:40,0
DA:42,0
DA:48,0
DA:54,0
DA:55,0
DA:57,0
DA:63,0
DA:64,0
DA:66,0
DA:72,0
DA:73,0
DA:74,0
DA:76,0
DA:77,0
DA:78,0
DA:80,0
DA:81,0
DA:83,0
DA:86,0
DA:93,0
DA:99,0
DA:100,0
DA:102,0
DA:103,0
DA:106,0
DA:112,0
DA:113,0
DA:114,0
DA:116,0
DA:117,0
DA:118,0
DA:120,0
DA:121,0
DA:123,0
DA:126,0
DA:127,0
DA:130,0
DA:135,0
DA:141,0
DA:142,0
DA:144,0
DA:146,0
DA:152,0
DA:153,0
DA:154,0
DA:156,0
DA:158,0
DA:164,0
LF:61
LH:0
BRDA:18,0,0,0
BRDA:18,0,1,0
BRDA:19,1,0,0
BRDA:19,1,1,0
BRDA:20,2,0,0
BRDA:20,2,1,0
BRDA:76,3,0,0
BRDA:76,3,1,0
BRDA:77,4,0,0
BRDA:77,4,1,0
BRDA:80,5,0,0
BRDA:80,5,1,0
BRDA:80,6,0,0
BRDA:80,6,1,0
BRDA:89,7,0,0
BRDA:89,7,1,0
BRDA:90,8,0,0
BRDA:90,8,1,0
BRDA:102,9,0,0
BRDA:102,9,1,0
BRDA:102,10,0,0
BRDA:102,10,1,0
BRDA:116,11,0,0
BRDA:116,11,1,0
BRDA:117,12,0,0
BRDA:117,12,1,0
BRDA:120,13,0,0
BRDA:120,13,1,0
BRDA:120,14,0,0
BRDA:120,14,1,0
BRDA:126,15,0,0
BRDA:126,15,1,0
BRDA:132,16,0,0
BRDA:132,16,1,0
BRDA:159,17,0,0
BRDA:159,17,1,0
BRF:36
BRH:0
end_of_record
TN:
SF:src\controllers\settings.controller.js
FN:9,(anonymous_0)
FN:15,(anonymous_1)
FN:21,(anonymous_2)
FN:28,(anonymous_3)
FN:34,(anonymous_4)
FNF:5
FNH:0
FNDA:0,(anonymous_0)
FNDA:0,(anonymous_1)
FNDA:0,(anonymous_2)
FNDA:0,(anonymous_3)
FNDA:0,(anonymous_4)
DA:5,0
DA:6,0
DA:7,0
DA:9,0
DA:10,0
DA:12,0
DA:15,0
DA:16,0
DA:18,0
DA:21,0
DA:22,0
DA:23,0
DA:25,0
DA:28,0
DA:29,0
DA:31,0
DA:34,0
DA:35,0
DA:37,0
DA:40,0
LF:20
LH:0
BRF:0
BRH:0
end_of_record
TN:
SF:src\controllers\upload.controller.js
FN:15,(anonymous_0)
FN:17,(anonymous_1)
FNF:2
FNH:0
FNDA:0,(anonymous_0)
FNDA:0,(anonymous_1)
DA:1,0
DA:2,0
DA:3,0
DA:4,0
DA:5,0
DA:6,0
DA:8,0
DA:9,0
DA:15,0
DA:17,0
DA:18,0
DA:19,0
DA:21,0
DA:22,0
DA:25,0
DA:26,0
DA:29,0
DA:33,0
DA:34,0
DA:35,0
DA:38,0
DA:39,0
DA:42,0
DA:48,0
DA:49,0
DA:51,0
DA:52,0
DA:54,0
DA:56,0
DA:57,0
DA:59,0
DA:62,0
LF:32
LH:0
BRDA:18,0,0,0
BRDA:18,0,1,0
BRDA:21,1,0,0
BRDA:21,1,1,0
BRDA:21,2,0,0
BRDA:21,2,1,0
BRDA:21,2,2,0
BRDA:25,3,0,0
BRDA:25,3,1,0
BRDA:29,4,0,0
BRDA:29,4,1,0
BRDA:34,5,0,0
BRDA:34,5,1,0
BRDA:34,6,0,0
BRDA:34,6,1,0
BRDA:38,7,0,0
BRDA:38,7,1,0
BRDA:42,8,0,0
BRDA:42,8,1,0
BRF:19
BRH:0
end_of_record
TN:
SF:src\controllers\user.controller.js
FN:5,(anonymous_0)
FNF:1
FNH:0
FNDA:0,(anonymous_0)
DA:1,0
DA:2,0
DA:3,0
DA:5,0
DA:6,0
DA:7,0
DA:9,0
DA:16,0
DA:19,0
LF:9
LH:0
BRF:0
BRH:0
end_of_record
TN:
SF:src\domain\permissions.js
FN:34,(anonymous_0)
FNF:1
FNH:0
FNDA:0,(anonymous_0)
DA:1,0
DA:6,0
DA:23,0
DA:34,0
DA:36,0
LF:5
LH:0
BRDA:34,0,0,0
BRDA:34,0,1,0
BRF:2
BRH:0
end_of_record
TN:
SF:src\middleware\auth.js
FN:16,(anonymous_0)
FN:25,(anonymous_1)
FN:97,(anonymous_2)
FN:145,(anonymous_3)
FN:146,(anonymous_4)
FN:168,(anonymous_5)
FN:169,(anonymous_6)
FN:189,(anonymous_7)
FNF:8
FNH:3
FNDA:2,(anonymous_0)
FNDA:3,(anonymous_1)
FNDA:0,(anonymous_2)
FNDA:1,(anonymous_3)
FNDA:0,(anonymous_4)
FNDA:0,(anonymous_5)
FNDA:0,(anonymous_6)
FNDA:0,(anonymous_7)
DA:6,1
DA:7,1
DA:8,1
DA:10,1
DA:16,1
DA:17,2
DA:18,2
DA:19,2
DA:25,1
DA:26,3
DA:28,3
DA:30,3
DA:31,0
DA:34,3
DA:36,3
DA:37,0
DA:41,3
DA:43,3
DA:58,3
DA:60,3
DA:61,0
DA:64,3
DA:65,0
DA:69,3
DA:78,3
DA:79,1
DA:82,2
DA:84,1
DA:85,0
DA:87,1
DA:88,0
DA:90,1
DA:97,1
DA:98,0
DA:99,0
DA:101,0
DA:102,0
DA:103,0
DA:104,0
DA:105,0
DA:120,0
DA:122,0
DA:123,0
DA:134,0
DA:137,0
DA:145,1
DA:146,1
DA:147,0
DA:148,0
DA:151,0
DA:152,0
DA:155,0
DA:162,1
DA:168,1
DA:169,0
DA:170,0
DA:171,0
DA:174,0
DA:175,0
DA:176,0
DA:178,0
DA:179,0
DA:182,0
DA:189,1
DA:190,0
DA:196,1
LF:66
LH:33
BRDA:30,0,0,0
BRDA:30,0,1,3
BRDA:30,1,0,3
BRDA:30,1,1,3
BRDA:36,2,0,0
BRDA:36,2,1,3
BRDA:60,3,0,0
BRDA:60,3,1,3
BRDA:64,4,0,0
BRDA:64,4,1,3
BRDA:73,5,0,3
BRDA:73,5,1,0
BRDA:74,6,0,3
BRDA:74,6,1,0
BRDA:78,7,0,1
BRDA:78,7,1,2
BRDA:78,8,0,3
BRDA:78,8,1,2
BRDA:84,9,0,0
BRDA:84,9,1,1
BRDA:87,10,0,0
BRDA:87,10,1,1
BRDA:101,11,0,0
BRDA:101,11,1,0
BRDA:101,12,0,0
BRDA:101,12,1,0
BRDA:103,13,0,0
BRDA:103,13,1,0
BRDA:122,14,0,0
BRDA:122,14,1,0
BRDA:122,15,0,0
BRDA:122,15,1,0
BRDA:127,16,0,0
BRDA:127,16,1,0
BRDA:128,17,0,0
BRDA:128,17,1,0
BRDA:147,18,0,0
BRDA:147,18,1,0
BRDA:151,19,0,0
BRDA:151,19,1,0
BRDA:168,20,0,0
BRDA:170,21,0,0
BRDA:170,21,1,0
BRDA:175,22,0,0
BRDA:175,22,1,0
BRDA:178,23,0,0
BRDA:178,23,1,0
BRDA:178,24,0,0
BRDA:178,24,1,0
BRDA:191,25,0,0
BRDA:191,25,1,0
BRDA:191,25,2,0
BRDA:192,26,0,0
BRDA:192,26,1,0
BRF:54
BRH:14
end_of_record
TN:
SF:src\middleware\errorHandler.js
FN:9,(anonymous_0)
FN:38,(anonymous_1)
FN:105,(anonymous_2)
FN:115,(anonymous_3)
FN:116,(anonymous_4)
FNF:5
FNH:0
FNDA:0,(anonymous_0)
FNDA:0,(anonymous_1)
FNDA:0,(anonymous_2)
FNDA:0,(anonymous_3)
FNDA:0,(anonymous_4)
DA:1,0
DA:2,0
DA:3,0
DA:9,0
DA:11,0
DA:21,0
DA:23,0
DA:24,0
DA:29,0
DA:35,0
DA:36,0
DA:37,0
DA:38,0
DA:47,0
DA:48,0
DA:53,0
DA:54,0
DA:60,0
DA:61,0
DA:62,0
DA:63,0
DA:69,0
DA:70,0
DA:76,0
DA:77,0
DA:78,0
DA:84,0
DA:85,0
DA:91,0
DA:92,0
DA:96,0
DA:105,0
DA:106,0
DA:115,0
DA:116,0
DA:117,0
DA:121,0
LF:37
LH:0
BRDA:17,0,0,0
BRDA:17,0,1,0
BRDA:21,1,0,0
BRDA:21,1,1,0
BRDA:23,2,0,0
BRDA:23,2,1,0
BRDA:35,3,0,0
BRDA:35,3,1,0
BRDA:35,4,0,0
BRDA:35,4,1,0
BRDA:39,5,0,0
BRDA:39,5,1,0
BRDA:47,6,0,0
BRDA:47,6,1,0
BRDA:53,7,0,0
BRDA:53,7,1,0
BRDA:60,8,0,0
BRDA:60,8,1,0
BRDA:62,9,0,0
BRDA:62,9,1,0
BRDA:69,10,0,0
BRDA:69,10,1,0
BRDA:76,11,0,0
BRDA:76,11,1,0
BRDA:77,12,0,0
BRDA:77,12,1,0
BRDA:84,13,0,0
BRDA:84,13,1,0
BRDA:84,14,0,0
BRDA:84,14,1,0
BRDA:84,14,2,0
BRDA:91,15,0,0
BRDA:91,15,1,0
BRDA:92,16,0,0
BRDA:92,16,1,0
BRF:35
BRH:0
end_of_record
TN:
SF:src\middleware\rateLimiter.js
FN:14,(anonymous_0)
FN:19,(anonymous_1)
FN:35,(anonymous_2)
FN:43,(anonymous_3)
FN:60,(anonymous_4)
FN:68,(anonymous_5)
FNF:6
FNH:0
FNDA:0,(anonymous_0)
FNDA:0,(anonymous_1)
FNDA:0,(anonymous_2)
FNDA:0,(anonymous_3)
FNDA:0,(anonymous_4)
FNDA:0,(anonymous_5)
DA:1,0
DA:2,0
DA:3,0
DA:9,0
DA:15,0
DA:21,0
DA:30,0
DA:36,0
DA:44,0
DA:55,0
DA:61,0
DA:70,0
DA:71,0
DA:75,0
LF:14
LH:0
BRDA:21,0,0,0
BRDA:21,0,1,0
BRDA:44,1,0,0
BRDA:44,1,1,0
BRDA:70,2,0,0
BRDA:70,2,1,0
BRDA:71,3,0,0
BRDA:71,3,1,0
BRF:8
BRH:0
end_of_record
TN:
SF:src\middleware\validate.js
FN:12,(anonymous_0)
FN:16,(anonymous_1)
FN:86,(anonymous_2)
FN:100,(anonymous_3)
FNF:4
FNH:0
FNDA:0,(anonymous_0)
FNDA:0,(anonymous_1)
FNDA:0,(anonymous_2)
FNDA:0,(anonymous_3)
DA:6,0
DA:7,0
DA:12,0
DA:13,0
DA:15,0
DA:16,0
DA:21,0
DA:24,0
DA:30,0
DA:87,0
DA:88,0
DA:90,0
DA:99,0
DA:101,0
DA:102,0
DA:137,0
LF:16
LH:0
BRDA:15,0,0,0
BRDA:15,0,1,0
BRDA:87,1,0,0
BRDA:87,1,1,0
BRDA:87,2,0,0
BRDA:87,2,1,0
BRDA:100,3,0,0
BRDA:101,4,0,0
BRDA:101,4,1,0
BRDA:101,5,0,0
BRDA:101,5,1,0
BRF:11
BRH:0
end_of_record
TN:
SF:src\routes\ai.routes.js
FNF:0
FNH:0
DA:5,0
DA:6,0
DA:7,0
DA:8,0
DA:10,0
DA:12,0
DA:15,0
DA:22,0
DA:30,0
DA:33,0
DA:34,0
DA:37,0
DA:38,0
DA:41,0
DA:42,0
DA:45,0
DA:46,0
DA:49,0
DA:50,0
DA:53,0
DA:54,0
DA:56,0
LF:22
LH:0
BRF:0
BRH:0
end_of_record
TN:
SF:src\routes\attendance.routes.js
FNF:0
FNH:0
DA:5,0
DA:6,0
DA:7,0
DA:8,0
DA:10,0
DA:13,0
DA:16,0
DA:47,0
DA:48,0
DA:51,0
DA:52,0
DA:55,0
DA:56,0
DA:57,0
DA:58,0
DA:60,0
LF:16
LH:0
BRF:0
BRH:0
end_of_record
TN:
SF:src\routes\auth.routes.js
FNF:0
FNH:0
DA:5,0
DA:6,0
DA:7,0
DA:8,0
DA:9,0
DA:11,0
DA:14,0
DA:15,0
DA:16,0
DA:17,0
DA:20,0
DA:22,0
DA:23,0
DA:24,0
DA:26,0
LF:15
LH:0
BRF:0
BRH:0
end_of_record
TN:
SF:src\routes\departments.routes.js
FNF:0
FNH:0
DA:5,0
DA:6,0
DA:7,0
DA:8,0
DA:10,0
DA:12,0
DA:14,0
DA:30,0
DA:31,0
DA:32,0
DA:33,0
DA:34,0
DA:36,0
LF:13
LH:0
BRF:0
BRH:0
end_of_record
TN:
SF:src\routes\employees.routes.js
FN:71,(anonymous_0)
FNF:1
FNH:0
FNDA:0,(anonymous_0)
DA:5,0
DA:6,0
DA:7,0
DA:8,0
DA:10,0
DA:13,0
DA:16,0
DA:72,0
DA:73,0
DA:74,0
DA:75,0
DA:77,0
DA:78,0
DA:79,0
DA:80,0
DA:81,0
DA:82,0
DA:83,0
DA:84,0
DA:85,0
DA:87,0
DA:88,0
DA:89,0
DA:90,0
DA:91,0
DA:92,0
DA:93,0
DA:95,0
DA:96,0
DA:97,0
DA:98,0
DA:99,0
DA:100,0
DA:101,0
DA:102,0
DA:103,0
DA:104,0
DA:105,0
DA:107,0
DA:108,0
DA:109,0
DA:111,0
DA:112,0
DA:113,0
DA:114,0
DA:115,0
DA:116,0
DA:117,0
DA:118,0
DA:119,0
DA:121,0
DA:122,0
DA:123,0
DA:124,0
DA:125,0
DA:126,0
DA:128,0
DA:129,0
DA:131,0
DA:132,0
DA:133,0
DA:134,0
DA:135,0
DA:136,0
DA:138,0
DA:139,0
DA:141,0
DA:142,0
DA:143,0
DA:144,0
DA:145,0
DA:146,0
DA:149,0
DA:150,0
DA:151,0
DA:152,0
DA:153,0
DA:156,0
DA:157,0
DA:158,0
DA:159,0
DA:160,0
DA:162,0
DA:196,0
DA:197,0
DA:200,0
DA:201,0
DA:202,0
DA:203,0
DA:204,0
DA:205,0
DA:206,0
DA:208,0
LF:93
LH:0
BRDA:72,0,0,0
BRDA:72,0,1,0
BRDA:73,1,0,0
BRDA:73,1,1,0
BRDA:74,2,0,0
BRDA:74,2,1,0
BRDA:75,3,0,0
BRDA:75,3,1,0
BRDA:77,4,0,0
BRDA:77,4,1,0
BRDA:78,5,0,0
BRDA:78,5,1,0
BRDA:79,6,0,0
BRDA:79,6,1,0
BRDA:80,7,0,0
BRDA:80,7,1,0
BRDA:81,8,0,0
BRDA:81,8,1,0
BRDA:82,9,0,0
BRDA:82,9,1,0
BRDA:83,10,0,0
BRDA:83,10,1,0
BRDA:84,11,0,0
BRDA:84,11,1,0
BRDA:85,12,0,0
BRDA:85,12,1,0
BRDA:85,12,2,0
BRDA:87,13,0,0
BRDA:87,13,1,0
BRDA:88,14,0,0
BRDA:88,14,1,0
BRDA:88,14,2,0
BRDA:89,15,0,0
BRDA:89,15,1,0
BRDA:90,16,0,0
BRDA:90,16,1,0
BRDA:91,17,0,0
BRDA:91,17,1,0
BRDA:92,18,0,0
BRDA:92,18,1,0
BRDA:93,19,0,0
BRDA:93,19,1,0
BRDA:95,20,0,0
BRDA:95,20,1,0
BRDA:96,21,0,0
BRDA:96,21,1,0
BRDA:97,22,0,0
BRDA:97,22,1,0
BRDA:98,23,0,0
BRDA:98,23,1,0
BRDA:99,24,0,0
BRDA:99,24,1,0
BRDA:100,25,0,0
BRDA:100,25,1,0
BRDA:101,26,0,0
BRDA:101,26,1,0
BRDA:102,27,0,0
BRDA:102,27,1,0
BRDA:103,28,0,0
BRDA:103,28,1,0
BRDA:104,29,0,0
BRDA:104,29,1,0
BRDA:105,30,0,0
BRDA:105,30,1,0
BRDA:107,31,0,0
BRDA:107,31,1,0
BRDA:108,32,0,0
BRDA:108,32,1,0
BRDA:109,33,0,0
BRDA:109,33,1,0
BRDA:111,34,0,0
BRDA:111,34,1,0
BRDA:112,35,0,0
BRDA:112,35,1,0
BRDA:113,36,0,0
BRDA:113,36,1,0
BRDA:114,37,0,0
BRDA:114,37,1,0
BRDA:115,38,0,0
BRDA:115,38,1,0
BRDA:116,39,0,0
BRDA:116,39,1,0
BRDA:117,40,0,0
BRDA:117,40,1,0
BRDA:118,41,0,0
BRDA:118,41,1,0
BRDA:119,42,0,0
BRDA:119,42,1,0
BRDA:121,43,0,0
BRDA:121,43,1,0
BRDA:122,44,0,0
BRDA:122,44,1,0
BRDA:123,45,0,0
BRDA:123,45,1,0
BRDA:124,46,0,0
BRDA:124,46,1,0
BRDA:125,47,0,0
BRDA:125,47,1,0
BRDA:125,48,0,0
BRDA:125,48,1,0
BRDA:128,49,0,0
BRDA:128,49,1,0
BRDA:129,50,0,0
BRDA:129,50,1,0
BRDA:131,51,0,0
BRDA:131,51,1,0
BRDA:131,52,0,0
BRDA:131,52,1,0
BRDA:132,53,0,0
BRDA:132,53,1,0
BRDA:132,54,0,0
BRDA:132,54,1,0
BRDA:133,55,0,0
BRDA:133,55,1,0
BRDA:133,56,0,0
BRDA:133,56,1,0
BRDA:134,57,0,0
BRDA:134,57,1,0
BRDA:135,58,0,0
BRDA:135,58,1,0
BRDA:135,59,0,0
BRDA:135,59,1,0
BRDA:138,60,0,0
BRDA:138,60,1,0
BRDA:138,61,0,0
BRDA:138,61,1,0
BRDA:141,62,0,0
BRDA:141,62,1,0
BRDA:142,63,0,0
BRDA:142,63,1,0
BRDA:143,64,0,0
BRDA:143,64,1,0
BRDA:144,65,0,0
BRDA:144,65,1,0
BRDA:145,66,0,0
BRDA:145,66,1,0
BRDA:149,67,0,0
BRDA:149,67,1,0
BRDA:150,68,0,0
BRDA:150,68,1,0
BRDA:151,69,0,0
BRDA:151,69,1,0
BRDA:152,70,0,0
BRDA:152,70,1,0
BRDA:152,71,0,0
BRDA:152,71,1,0
BRDA:156,72,0,0
BRDA:156,72,1,0
BRDA:156,73,0,0
BRDA:156,73,1,0
BRDA:157,74,0,0
BRDA:157,74,1,0
BRDA:157,75,0,0
BRDA:157,75,1,0
BRDA:158,76,0,0
BRDA:158,76,1,0
BRDA:158,77,0,0
BRDA:158,77,1,0
BRDA:159,78,0,0
BRDA:159,78,1,0
BRDA:159,79,0,0
BRDA:159,79,1,0
BRDA:160,80,0,0
BRDA:160,80,1,0
BRDA:160,81,0,0
BRDA:160,81,1,0
BRF:166
BRH:0
end_of_record
TN:
SF:src\routes\index.js
FN:19,(anonymous_0)
FNF:1
FNH:0
FNDA:0,(anonymous_0)
DA:1,0
DA:3,0
DA:6,0
DA:7,0
DA:8,0
DA:9,0
DA:10,0
DA:11,0
DA:12,0
DA:13,0
DA:14,0
DA:15,0
DA:16,0
DA:19,0
DA:20,0
DA:45,0
DA:46,0
DA:47,0
DA:48,0
DA:49,0
DA:50,0
DA:51,0
DA:52,0
DA:53,0
DA:54,0
DA:55,0
DA:57,0
LF:27
LH:0
BRF:0
BRH:0
end_of_record
TN:
SF:src\routes\leaves.routes.js
FNF:0
FNH:0
DA:5,0
DA:6,0
DA:7,0
DA:8,0
DA:10,0
DA:13,0
DA:16,0
DA:43,0
DA:44,0
DA:45,0
DA:48,0
DA:51,0
DA:52,0
DA:53,0
DA:56,0
DA:57,0
DA:58,0
DA:60,0
LF:18
LH:0
BRF:0
BRH:0
end_of_record
TN:
SF:src\routes\notifications.routes.js
FNF:0
FNH:0
DA:1,0
DA:2,0
DA:3,0
DA:4,0
DA:6,0
DA:8,0
DA:10,0
DA:11,0
DA:12,0
DA:14,0
LF:10
LH:0
BRF:0
BRH:0
end_of_record
TN:
SF:src\routes\payroll.routes.js
FNF:0
FNH:0
DA:5,0
DA:6,0
DA:7,0
DA:8,0
DA:10,0
DA:12,0
DA:14,0
DA:28,0
DA:29,0
DA:32,0
DA:33,0
DA:36,0
DA:37,0
DA:38,0
DA:39,0
DA:40,0
DA:43,0
DA:45,0
LF:18
LH:0
BRF:0
BRH:0
end_of_record
TN:
SF:src\routes\settings.routes.js
FNF:0
FNH:0
DA:5,0
DA:6,0
DA:7,0
DA:8,0
DA:10,0
DA:12,0
DA:14,0
DA:23,0
DA:24,0
DA:27,0
DA:28,0
DA:29,0
DA:31,0
LF:13
LH:0
BRF:0
BRH:0
end_of_record
TN:
SF:src\routes\uploads.routes.js
FNF:0
FNH:0
DA:1,0
DA:2,0
DA:3,0
DA:4,0
DA:6,0
DA:8,0
DA:9,0
DA:11,0
DA:25,0
LF:9
LH:0
BRF:0
BRH:0
end_of_record
TN:
SF:src\routes\users.routes.js
FNF:0
FNH:0
DA:1,0
DA:2,0
DA:3,0
DA:4,0
DA:6,0
DA:8,0
DA:9,0
DA:11,0
DA:17,0
DA:19,0
LF:10
LH:0
BRF:0
BRH:0
end_of_record
TN:
SF:src\services\attendance.service.js
FN:13,(anonymous_0)
FN:90,(anonymous_1)
FN:116,(anonymous_2)
FN:159,(anonymous_3)
FN:192,(anonymous_4)
FN:225,(anonymous_5)
FN:258,(anonymous_6)
FN:292,(anonymous_7)
FNF:8
FNH:0
FNDA:0,(anonymous_0)
FNDA:0,(anonymous_1)
FNDA:0,(anonymous_2)
FNDA:0,(anonymous_3)
FNDA:0,(anonymous_4)
FNDA:0,(anonymous_5)
FNDA:0,(anonymous_6)
FNDA:0,(anonymous_7)
DA:6,0
DA:7,0
DA:8,0
DA:13,0
DA:14,0
DA:15,0
DA:16,0
DA:17,0
DA:19,0
DA:20,0
DA:21,0
DA:22,0
DA:25,0
DA:26,0
DA:27,0
DA:28,0
DA:30,0
DA:31,0
DA:32,0
DA:33,0
DA:35,0
DA:36,0
DA:37,0
DA:38,0
DA:42,0
DA:43,0
DA:44,0
DA:45,0
DA:48,0
DA:51,0
DA:55,0
DA:58,0
DA:73,0
DA:74,0
DA:76,0
DA:90,0
DA:91,0
DA:104,0
DA:106,0
DA:107,0
DA:110,0
DA:116,0
DA:117,0
DA:120,0
DA:125,0
DA:126,0
DA:129,0
DA:130,0
DA:131,0
DA:133,0
DA:135,0
DA:142,0
DA:146,0
DA:153,0
DA:159,0
DA:160,0
DA:163,0
DA:168,0
DA:169,0
DA:172,0
DA:173,0
DA:176,0
DA:178,0
DA:186,0
DA:192,0
DA:194,0
DA:199,0
DA:201,0
DA:208,0
DA:212,0
DA:219,0
DA:225,0
DA:226,0
DA:241,0
DA:242,0
DA:244,0
DA:258,0
DA:259,0
DA:261,0
DA:273,0
DA:274,0
DA:276,0
DA:292,0
DA:293,0
DA:295,0
DA:296,0
DA:298,0
DA:299,0
DA:300,0
DA:304,0
DA:307,0
DA:308,0
DA:310,0
DA:311,0
DA:313,0
DA:317,0
LF:96
LH:0
BRDA:13,0,0,0
BRDA:13,1,0,0
BRDA:19,2,0,0
BRDA:19,2,1,0
BRDA:25,3,0,0
BRDA:25,3,1,0
BRDA:30,4,0,0
BRDA:30,4,1,0
BRDA:35,5,0,0
BRDA:35,5,1,0
BRDA:42,6,0,0
BRDA:42,6,1,0
BRDA:48,7,0,0
BRDA:48,7,1,0
BRDA:106,8,0,0
BRDA:106,8,1,0
BRDA:125,9,0,0
BRDA:125,9,1,0
BRDA:125,10,0,0
BRDA:125,10,1,0
BRDA:131,11,0,0
BRDA:131,11,1,0
BRDA:133,12,0,0
BRDA:133,12,1,0
BRDA:168,13,0,0
BRDA:168,13,1,0
BRDA:168,14,0,0
BRDA:168,14,1,0
BRDA:172,15,0,0
BRDA:172,15,1,0
BRDA:199,16,0,0
BRDA:199,16,1,0
BRDA:245,17,0,0
BRDA:245,17,1,0
BRDA:246,18,0,0
BRDA:246,18,1,0
BRDA:247,19,0,0
BRDA:247,19,1,0
BRDA:248,20,0,0
BRDA:248,20,1,0
BRDA:249,21,0,0
BRDA:249,21,1,0
BRDA:250,22,0,0
BRDA:250,22,1,0
BRDA:251,23,0,0
BRDA:251,23,1,0
BRDA:259,24,0,0
BRDA:259,24,1,0
BRDA:283,25,0,0
BRDA:283,25,1,0
BRF:50
BRH:0
end_of_record
TN:
SF:src\services\auth.service.js
FN:18,(anonymous_0)
FN:50,(anonymous_1)
FN:115,(anonymous_2)
FN:196,(anonymous_3)
FN:218,(anonymous_4)
FN:232,(anonymous_5)
FN:279,(anonymous_6)
FN:315,(anonymous_7)
FN:326,(anonymous_8)
FN:335,(anonymous_9)
FNF:10
FNH:0
FNDA:0,(anonymous_0)
FNDA:0,(anonymous_1)
FNDA:0,(anonymous_2)
FNDA:0,(anonymous_3)
FNDA:0,(anonymous_4)
FNDA:0,(anonymous_5)
FNDA:0,(anonymous_6)
FNDA:0,(anonymous_7)
FNDA:0,(anonymous_8)
FNDA:0,(anonymous_9)
DA:6,0
DA:7,0
DA:8,0
DA:9,0
DA:10,0
DA:11,0
DA:13,0
DA:18,0
DA:19,0
DA:20,0
DA:24,0
DA:29,0
DA:30,0
DA:34,0
DA:37,0
DA:44,0
DA:50,0
DA:52,0
DA:57,0
DA:59,0
DA:60,0
DA:61,0
DA:64,0
DA:65,0
DA:66,0
DA:70,0
DA:72,0
DA:73,0
DA:74,0
DA:78,0
DA:79,0
DA:82,0
DA:91,0
DA:97,0
DA:99,0
DA:115,0
DA:116,0
DA:119,0
DA:127,0
DA:129,0
DA:130,0
DA:134,0
DA:136,0
DA:137,0
DA:141,0
DA:145,0
DA:146,0
DA:150,0
DA:151,0
DA:155,0
DA:162,0
DA:168,0
DA:171,0
DA:181,0
DA:183,0
DA:196,0
DA:197,0
DA:199,0
DA:201,0
DA:206,0
DA:207,0
DA:210,0
DA:211,0
DA:218,0
DA:219,0
DA:226,0
DA:232,0
DA:234,0
DA:239,0
DA:240,0
DA:244,0
DA:245,0
DA:246,0
DA:247,0
DA:248,0
DA:252,0
DA:253,0
DA:257,0
DA:260,0
DA:266,0
DA:273,0
DA:279,0
DA:280,0
DA:289,0
DA:290,0
DA:293,0
DA:295,0
DA:315,0
DA:316,0
DA:317,0
DA:319,0
DA:326,0
DA:327,0
DA:335,0
DA:336,0
DA:343,0
LF:96
LH:0
BRDA:18,0,0,0
BRDA:19,1,0,0
BRDA:19,1,1,0
BRDA:29,2,0,0
BRDA:29,2,1,0
BRDA:59,3,0,0
BRDA:59,3,1,0
BRDA:64,4,0,0
BRDA:64,4,1,0
BRDA:72,5,0,0
BRDA:72,5,1,0
BRDA:129,6,0,0
BRDA:129,6,1,0
BRDA:134,7,0,0
BRDA:134,7,1,0
BRDA:145,8,0,0
BRDA:145,8,1,0
BRDA:150,9,0,0
BRDA:150,9,1,0
BRDA:197,10,0,0
BRDA:197,10,1,0
BRDA:206,11,0,0
BRDA:206,11,1,0
BRDA:239,12,0,0
BRDA:239,12,1,0
BRDA:245,13,0,0
BRDA:245,13,1,0
BRDA:245,14,0,0
BRDA:245,14,1,0
BRDA:247,15,0,0
BRDA:247,15,1,0
BRDA:252,16,0,0
BRDA:252,16,1,0
BRDA:289,17,0,0
BRDA:289,17,1,0
BRDA:304,18,0,0
BRDA:304,18,1,0
BRDA:315,19,0,0
BRDA:335,20,0,0
BRDA:339,21,0,0
BRDA:339,21,1,0
BRF:41
BRH:0
end_of_record
TN:
SF:src\services\department.service.js
FN:12,(anonymous_0)
FN:19,(anonymous_1)
FN:32,(anonymous_2)
FN:56,(anonymous_3)
FN:70,(anonymous_4)
FN:112,(anonymous_5)
FNF:6
FNH:0
FNDA:0,(anonymous_0)
FNDA:0,(anonymous_1)
FNDA:0,(anonymous_2)
FNDA:0,(anonymous_3)
FNDA:0,(anonymous_4)
FNDA:0,(anonymous_5)
DA:6,0
DA:7,0
DA:12,0
DA:13,0
DA:17,0
DA:19,0
DA:32,0
DA:33,0
DA:38,0
DA:39,0
DA:42,0
DA:43,0
DA:56,0
DA:57,0
DA:64,0
DA:70,0
DA:71,0
DA:72,0
DA:73,0
DA:75,0
DA:76,0
DA:77,0
DA:78,0
DA:80,0
DA:81,0
DA:82,0
DA:83,0
DA:85,0
DA:86,0
DA:87,0
DA:88,0
DA:90,0
DA:91,0
DA:92,0
DA:93,0
DA:96,0
DA:97,0
DA:100,0
DA:101,0
DA:106,0
DA:112,0
DA:113,0
DA:118,0
DA:119,0
DA:122,0
DA:125,0
LF:46
LH:0
BRDA:12,0,0,0
BRDA:12,1,0,0
BRDA:13,2,0,0
BRDA:13,2,1,0
BRDA:38,3,0,0
BRDA:38,3,1,0
BRDA:75,4,0,0
BRDA:75,4,1,0
BRDA:80,5,0,0
BRDA:80,5,1,0
BRDA:85,6,0,0
BRDA:85,6,1,0
BRDA:90,7,0,0
BRDA:90,7,1,0
BRDA:96,8,0,0
BRDA:96,8,1,0
BRDA:118,9,0,0
BRDA:118,9,1,0
BRF:18
BRH:0
end_of_record
TN:
SF:src\services\employee.service.js
FN:21,(anonymous_0)
FN:48,(anonymous_1)
FN:56,(anonymous_2)
FN:69,(anonymous_3)
FN:74,(anonymous_4)
FN:77,(anonymous_5)
FN:80,(anonymous_6)
FN:86,(anonymous_7)
FN:149,(anonymous_8)
FN:266,(anonymous_9)
FN:280,(anonymous_10)
FN:294,(anonymous_11)
FN:307,(anonymous_12)
FN:499,(anonymous_13)
FN:582,(anonymous_14)
FN:682,(anonymous_15)
FN:699,(anonymous_16)
FN:719,(anonymous_17)
FN:765,(anonymous_18)
FN:784,(anonymous_19)
FN:810,(anonymous_20)
FN:826,(anonymous_21)
FNF:22
FNH:0
FNDA:0,(anonymous_0)
FNDA:0,(anonymous_1)
FNDA:0,(anonymous_2)
FNDA:0,(anonymous_3)
FNDA:0,(anonymous_4)
FNDA:0,(anonymous_5)
FNDA:0,(anonymous_6)
FNDA:0,(anonymous_7)
FNDA:0,(anonymous_8)
FNDA:0,(anonymous_9)
FNDA:0,(anonymous_10)
FNDA:0,(anonymous_11)
FNDA:0,(anonymous_12)
FNDA:0,(anonymous_13)
FNDA:0,(anonymous_14)
FNDA:0,(anonymous_15)
FNDA:0,(anonymous_16)
FNDA:0,(anonymous_17)
FNDA:0,(anonymous_18)
FNDA:0,(anonymous_19)
FNDA:0,(anonymous_20)
FNDA:0,(anonymous_21)
DA:6,0
DA:7,0
DA:8,0
DA:9,0
DA:10,0
DA:12,0
DA:13,0
DA:14,0
DA:15,0
DA:21,0
DA:22,0
DA:23,0
DA:24,0
DA:25,0
DA:26,0
DA:28,0
DA:35,0
DA:36,0
DA:37,0
DA:40,0
DA:41,0
DA:42,0
DA:45,0
DA:48,0
DA:49,0
DA:50,0
DA:52,0
DA:53,0
DA:56,0
DA:57,0
DA:58,0
DA:59,0
DA:62,0
DA:63,0
DA:69,0
DA:70,0
DA:71,0
DA:72,0
DA:74,0
DA:75,0
DA:77,0
DA:78,0
DA:80,0
DA:81,0
DA:83,0
DA:86,0
DA:87,0
DA:88,0
DA:89,0
DA:90,0
DA:91,0
DA:93,0
DA:94,0
DA:96,0
DA:97,0
DA:98,0
DA:100,0
DA:149,0
DA:150,0
DA:151,0
DA:152,0
DA:155,0
DA:157,0
DA:158,0
DA:164,0
DA:165,0
DA:168,0
DA:169,0
DA:170,0
DA:171,0
DA:174,0
DA:175,0
DA:176,0
DA:177,0
DA:180,0
DA:183,0
DA:184,0
DA:185,0
DA:188,0
DA:189,0
DA:190,0
DA:193,0
DA:216,0
DA:217,0
DA:219,0
DA:233,0
DA:266,0
DA:267,0
DA:268,0
DA:270,0
DA:271,0
DA:274,0
DA:280,0
DA:281,0
DA:282,0
DA:284,0
DA:285,0
DA:288,0
DA:294,0
DA:295,0
DA:296,0
DA:299,0
DA:307,0
DA:308,0
DA:309,0
DA:310,0
DA:311,0
DA:313,0
DA:314,0
DA:317,0
DA:318,0
DA:321,0
DA:322,0
DA:323,0
DA:324,0
DA:327,0
DA:328,0
DA:331,0
DA:332,0
DA:335,0
DA:336,0
DA:339,0
DA:344,0
DA:347,0
DA:349,0
DA:350,0
DA:353,0
DA:354,0
DA:355,0
DA:356,0
DA:358,0
DA:362,0
DA:363,0
DA:366,0
DA:367,0
DA:369,0
DA:375,0
DA:378,0
DA:393,0
DA:397,0
DA:435,0
DA:436,0
DA:439,0
DA:448,0
DA:456,0
DA:457,0
DA:459,0
DA:477,0
DA:480,0
DA:481,0
DA:489,0
DA:490,0
DA:492,0
DA:499,0
DA:500,0
DA:503,0
DA:504,0
DA:505,0
DA:509,0
DA:510,0
DA:511,0
DA:513,0
DA:514,0
DA:515,0
DA:516,0
DA:517,0
DA:518,0
DA:519,0
DA:520,0
DA:521,0
DA:522,0
DA:523,0
DA:526,0
DA:562,0
DA:563,0
DA:564,0
DA:565,0
DA:566,0
DA:570,0
DA:582,0
DA:583,0
DA:586,0
DA:587,0
DA:588,0
DA:595,0
DA:598,0
DA:611,0
DA:620,0
DA:621,0
DA:622,0
DA:652,0
DA:676,0
DA:682,0
DA:683,0
DA:689,0
DA:690,0
DA:693,0
DA:699,0
DA:700,0
DA:701,0
DA:702,0
DA:703,0
DA:705,0
DA:719,0
DA:725,0
DA:733,0
DA:734,0
DA:735,0
DA:736,0
DA:737,0
DA:738,0
DA:739,0
DA:740,0
DA:742,0
DA:745,0
DA:754,0
DA:763,0
DA:765,0
DA:784,0
DA:785,0
DA:795,0
DA:796,0
DA:798,0
DA:810,0
DA:811,0
DA:824,0
DA:826,0
DA:834,0
LF:228
LH:0
BRDA:21,0,0,0
BRDA:48,1,0,0
BRDA:49,2,0,0
BRDA:49,2,1,0
BRDA:49,3,0,0
BRDA:49,3,1,0
BRDA:49,3,2,0
BRDA:53,4,0,0
BRDA:53,4,1,0
BRDA:56,5,0,0
BRDA:58,6,0,0
BRDA:58,6,1,0
BRDA:62,7,0,0
BRDA:69,8,0,0
BRDA:69,9,0,0
BRDA:70,10,0,0
BRDA:70,10,1,0
BRDA:71,11,0,0
BRDA:71,11,1,0
BRDA:74,12,0,0
BRDA:74,12,1,0
BRDA:77,13,0,0
BRDA:77,13,1,0
BRDA:80,14,0,0
BRDA:80,14,1,0
BRDA:86,15,0,0
BRDA:87,16,0,0
BRDA:87,16,1,0
BRDA:88,17,0,0
BRDA:88,17,1,0
BRDA:89,18,0,0
BRDA:89,18,1,0
BRDA:90,19,0,0
BRDA:90,19,1,0
BRDA:91,20,0,0
BRDA:91,20,1,0
BRDA:93,21,0,0
BRDA:93,21,1,0
BRDA:93,21,2,0
BRDA:96,22,0,0
BRDA:96,22,1,0
BRDA:96,22,2,0
BRDA:96,22,3,0
BRDA:97,23,0,0
BRDA:97,23,1,0
BRDA:97,23,2,0
BRDA:97,23,3,0
BRDA:98,24,0,0
BRDA:98,24,1,0
BRDA:104,25,0,0
BRDA:104,25,1,0
BRDA:104,25,2,0
BRDA:105,26,0,0
BRDA:105,26,1,0
BRDA:105,26,2,0
BRDA:106,27,0,0
BRDA:106,27,1,0
BRDA:106,27,2,0
BRDA:107,28,0,0
BRDA:107,28,1,0
BRDA:107,28,2,0
BRDA:108,29,0,0
BRDA:108,29,1,0
BRDA:108,29,2,0
BRDA:109,30,0,0
BRDA:109,30,1,0
BRDA:109,30,2,0
BRDA:110,31,0,0
BRDA:110,31,1,0
BRDA:110,31,2,0
BRDA:111,32,0,0
BRDA:111,32,1,0
BRDA:111,32,2,0
BRDA:111,32,3,0
BRDA:112,33,0,0
BRDA:112,33,1,0
BRDA:114,34,0,0
BRDA:114,34,1,0
BRDA:114,34,2,0
BRDA:115,35,0,0
BRDA:115,35,1,0
BRDA:115,35,2,0
BRDA:115,35,3,0
BRDA:116,36,0,0
BRDA:116,36,1,0
BRDA:116,36,2,0
BRDA:117,37,0,0
BRDA:117,37,1,0
BRDA:117,37,2,0
BRDA:118,38,0,0
BRDA:118,38,1,0
BRDA:118,38,2,0
BRDA:119,39,0,0
BRDA:119,39,1,0
BRDA:119,39,2,0
BRDA:120,40,0,0
BRDA:120,40,1,0
BRDA:120,40,2,0
BRDA:122,41,0,0
BRDA:122,41,1,0
BRDA:123,42,0,0
BRDA:123,42,1,0
BRDA:123,42,2,0
BRDA:124,43,0,0
BRDA:124,43,1,0
BRDA:124,43,2,0
BRDA:125,44,0,0
BRDA:125,44,1,0
BRDA:125,44,2,0
BRDA:126,45,0,0
BRDA:126,45,1,0
BRDA:126,45,2,0
BRDA:127,46,0,0
BRDA:127,46,1,0
BRDA:127,46,2,0
BRDA:128,47,0,0
BRDA:128,47,1,0
BRDA:129,48,0,0
BRDA:129,48,1,0
BRDA:130,49,0,0
BRDA:130,49,1,0
BRDA:130,49,2,0
BRDA:131,50,0,0
BRDA:131,50,1,0
BRDA:132,51,0,0
BRDA:132,51,1,0
BRDA:133,52,0,0
BRDA:133,52,1,0
BRDA:133,52,2,0
BRDA:134,53,0,0
BRDA:134,53,1,0
BRDA:134,53,2,0
BRDA:135,54,0,0
BRDA:135,54,1,0
BRDA:135,54,2,0
BRDA:136,55,0,0
BRDA:136,55,1,0
BRDA:136,55,2,0
BRDA:138,56,0,0
BRDA:138,56,1,0
BRDA:138,56,2,0
BRDA:139,57,0,0
BRDA:139,57,1,0
BRDA:139,57,2,0
BRDA:140,58,0,0
BRDA:140,58,1,0
BRDA:140,58,2,0
BRDA:140,58,3,0
BRDA:141,59,0,0
BRDA:141,59,1,0
BRDA:142,60,0,0
BRDA:142,60,1,0
BRDA:149,61,0,0
BRDA:149,62,0,0
BRDA:149,63,0,0
BRDA:149,64,0,0
BRDA:157,65,0,0
BRDA:157,65,1,0
BRDA:168,66,0,0
BRDA:168,66,1,0
BRDA:174,67,0,0
BRDA:174,67,1,0
BRDA:180,68,0,0
BRDA:180,68,1,0
BRDA:184,69,0,0
BRDA:184,69,1,0
BRDA:185,70,0,0
BRDA:185,70,1,0
BRDA:270,71,0,0
BRDA:270,71,1,0
BRDA:284,72,0,0
BRDA:284,72,1,0
BRDA:295,73,0,0
BRDA:295,73,1,0
BRDA:299,74,0,0
BRDA:299,74,1,0
BRDA:313,75,0,0
BRDA:313,75,1,0
BRDA:313,76,0,0
BRDA:313,76,1,0
BRDA:317,77,0,0
BRDA:317,77,1,0
BRDA:323,78,0,0
BRDA:323,78,1,0
BRDA:327,79,0,0
BRDA:327,79,1,0
BRDA:327,80,0,0
BRDA:327,80,1,0
BRDA:331,81,0,0
BRDA:331,81,1,0
BRDA:331,82,0,0
BRDA:331,82,1,0
BRDA:335,83,0,0
BRDA:335,83,1,0
BRDA:335,84,0,0
BRDA:335,84,1,0
BRDA:335,85,0,0
BRDA:335,85,1,0
BRDA:339,86,0,0
BRDA:339,86,1,0
BRDA:340,87,0,0
BRDA:340,87,1,0
BRDA:340,87,2,0
BRDA:362,88,0,0
BRDA:362,88,1,0
BRDA:393,89,0,0
BRDA:393,89,1,0
BRDA:395,90,0,0
BRDA:395,90,1,0
BRDA:404,91,0,0
BRDA:404,91,1,0
BRDA:406,92,0,0
BRDA:406,92,1,0
BRDA:407,93,0,0
BRDA:407,93,1,0
BRDA:408,94,0,0
BRDA:408,94,1,0
BRDA:409,95,0,0
BRDA:409,95,1,0
BRDA:410,96,0,0
BRDA:410,96,1,0
BRDA:411,97,0,0
BRDA:411,97,1,0
BRDA:412,98,0,0
BRDA:412,98,1,0
BRDA:413,99,0,0
BRDA:413,99,1,0
BRDA:414,100,0,0
BRDA:414,100,1,0
BRDA:415,101,0,0
BRDA:415,101,1,0
BRDA:416,102,0,0
BRDA:416,102,1,0
BRDA:419,103,0,0
BRDA:419,103,1,0
BRDA:420,104,0,0
BRDA:420,104,1,0
BRDA:421,105,0,0
BRDA:421,105,1,0
BRDA:422,106,0,0
BRDA:422,106,1,0
BRDA:423,107,0,0
BRDA:423,107,1,0
BRDA:424,108,0,0
BRDA:424,108,1,0
BRDA:425,109,0,0
BRDA:425,109,1,0
BRDA:426,110,0,0
BRDA:426,110,1,0
BRDA:427,111,0,0
BRDA:427,111,1,0
BRDA:428,112,0,0
BRDA:428,112,1,0
BRDA:429,113,0,0
BRDA:429,113,1,0
BRDA:430,114,0,0
BRDA:430,114,1,0
BRDA:431,115,0,0
BRDA:431,115,1,0
BRDA:432,116,0,0
BRDA:432,116,1,0
BRDA:504,117,0,0
BRDA:504,117,1,0
BRDA:513,118,0,0
BRDA:513,118,1,0
BRDA:563,119,0,0
BRDA:563,119,1,0
BRDA:570,120,0,0
BRDA:570,120,1,0
BRDA:570,121,0,0
BRDA:570,121,1,0
BRDA:586,122,0,0
BRDA:586,122,1,0
BRDA:598,123,0,0
BRDA:598,123,1,0
BRDA:599,124,0,0
BRDA:599,124,1,0
BRDA:599,124,2,0
BRDA:599,124,3,0
BRDA:599,124,4,0
BRDA:599,124,5,0
BRDA:599,124,6,0
BRDA:599,124,7,0
BRDA:599,124,8,0
BRDA:599,124,9,0
BRDA:599,124,10,0
BRDA:620,125,0,0
BRDA:620,125,1,0
BRDA:637,126,0,0
BRDA:637,126,1,0
BRDA:638,127,0,0
BRDA:638,127,1,0
BRDA:639,128,0,0
BRDA:639,128,1,0
BRDA:640,129,0,0
BRDA:640,129,1,0
BRDA:641,130,0,0
BRDA:641,130,1,0
BRDA:642,131,0,0
BRDA:642,131,1,0
BRDA:643,132,0,0
BRDA:643,132,1,0
BRDA:644,133,0,0
BRDA:644,133,1,0
BRDA:645,134,0,0
BRDA:645,134,1,0
BRDA:646,135,0,0
BRDA:646,135,1,0
BRDA:647,136,0,0
BRDA:647,136,1,0
BRDA:670,137,0,0
BRDA:670,137,1,0
BRDA:689,138,0,0
BRDA:689,138,1,0
BRDA:699,139,0,0
BRDA:701,140,0,0
BRDA:701,140,1,0
BRDA:702,141,0,0
BRDA:702,141,1,0
BRDA:703,142,0,0
BRDA:703,142,1,0
BRDA:735,143,0,0
BRDA:735,143,1,0
BRDA:737,144,0,0
BRDA:737,144,1,0
BRDA:739,145,0,0
BRDA:739,145,1,0
BRDA:773,146,0,0
BRDA:773,146,1,0
BRF:329
BRH:0
end_of_record
TN:
SF:src\services\leave.service.js
FN:14,(anonymous_0)
FN:98,(anonymous_1)
FN:130,(anonymous_2)
FN:228,(anonymous_3)
FN:245,(anonymous_4)
FN:288,(anonymous_5)
FN:330,(anonymous_6)
FN:355,(anonymous_7)
FN:360,(anonymous_8)
FN:375,(anonymous_9)
FN:397,(anonymous_10)
FN:411,(anonymous_11)
FN:439,(anonymous_12)
FNF:13
FNH:0
FNDA:0,(anonymous_0)
FNDA:0,(anonymous_1)
FNDA:0,(anonymous_2)
FNDA:0,(anonymous_3)
FNDA:0,(anonymous_4)
FNDA:0,(anonymous_5)
FNDA:0,(anonymous_6)
FNDA:0,(anonymous_7)
FNDA:0,(anonymous_8)
FNDA:0,(anonymous_9)
FNDA:0,(anonymous_10)
FNDA:0,(anonymous_11)
FNDA:0,(anonymous_12)
DA:6,0
DA:7,0
DA:8,0
DA:9,0
DA:14,0
DA:15,0
DA:16,0
DA:17,0
DA:18,0
DA:20,0
DA:21,0
DA:22,0
DA:23,0
DA:26,0
DA:27,0
DA:28,0
DA:29,0
DA:32,0
DA:33,0
DA:34,0
DA:35,0
DA:38,0
DA:39,0
DA:40,0
DA:41,0
DA:44,0
DA:45,0
DA:46,0
DA:47,0
DA:50,0
DA:53,0
DA:57,0
DA:60,0
DA:81,0
DA:82,0
DA:84,0
DA:98,0
DA:99,0
DA:118,0
DA:120,0
DA:121,0
DA:124,0
DA:130,0
DA:142,0
DA:143,0
DA:145,0
DA:146,0
DA:150,0
DA:151,0
DA:152,0
DA:153,0
DA:154,0
DA:155,0
DA:157,0
DA:160,0
DA:161,0
DA:165,0
DA:166,0
DA:172,0
DA:173,0
DA:176,0
DA:177,0
DA:178,0
DA:182,0
DA:192,0
DA:193,0
DA:197,0
DA:206,0
DA:207,0
DA:215,0
DA:216,0
DA:219,0
DA:221,0
DA:227,0
DA:228,0
DA:239,0
DA:245,0
DA:246,0
DA:255,0
DA:256,0
DA:259,0
DA:260,0
DA:263,0
DA:270,0
DA:271,0
DA:272,0
DA:282,0
DA:288,0
DA:289,0
DA:298,0
DA:299,0
DA:302,0
DA:303,0
DA:306,0
DA:313,0
DA:314,0
DA:324,0
DA:330,0
DA:331,0
DA:336,0
DA:337,0
DA:340,0
DA:341,0
DA:344,0
DA:349,0
DA:355,0
DA:356,0
DA:360,0
DA:375,0
DA:376,0
DA:378,0
DA:395,0
DA:397,0
DA:411,0
DA:412,0
DA:418,0
DA:419,0
DA:426,0
DA:433,0
DA:439,0
DA:440,0
DA:444,0
DA:447,0
LF:123
LH:0
BRDA:14,0,0,0
BRDA:14,1,0,0
BRDA:20,2,0,0
BRDA:20,2,1,0
BRDA:26,3,0,0
BRDA:26,3,1,0
BRDA:32,4,0,0
BRDA:32,4,1,0
BRDA:38,5,0,0
BRDA:38,5,1,0
BRDA:44,6,0,0
BRDA:44,6,1,0
BRDA:50,7,0,0
BRDA:50,7,1,0
BRDA:120,8,0,0
BRDA:120,8,1,0
BRDA:145,9,0,0
BRDA:145,9,1,0
BRDA:154,10,0,0
BRDA:154,10,1,0
BRDA:154,11,0,0
BRDA:154,11,1,0
BRDA:160,12,0,0
BRDA:160,12,1,0
BRDA:172,13,0,0
BRDA:172,13,1,0
BRDA:177,14,0,0
BRDA:177,14,1,0
BRDA:192,15,0,0
BRDA:192,15,1,0
BRDA:203,16,0,0
BRDA:203,16,1,0
BRDA:206,17,0,0
BRDA:206,17,1,0
BRDA:216,18,0,0
BRDA:216,18,1,0
BRDA:217,19,0,0
BRDA:217,19,1,0
BRDA:217,20,0,0
BRDA:217,20,1,0
BRDA:219,21,0,0
BRDA:219,21,1,0
BRDA:232,22,0,0
BRDA:232,22,1,0
BRDA:255,23,0,0
BRDA:255,23,1,0
BRDA:259,24,0,0
BRDA:259,24,1,0
BRDA:270,25,0,0
BRDA:270,25,1,0
BRDA:271,26,0,0
BRDA:271,26,1,0
BRDA:271,27,0,0
BRDA:271,27,1,0
BRDA:276,28,0,0
BRDA:276,28,1,0
BRDA:298,29,0,0
BRDA:298,29,1,0
BRDA:302,30,0,0
BRDA:302,30,1,0
BRDA:313,31,0,0
BRDA:313,31,1,0
BRDA:318,32,0,0
BRDA:318,32,1,0
BRDA:336,33,0,0
BRDA:336,33,1,0
BRDA:340,34,0,0
BRDA:340,34,1,0
BRDA:376,35,0,0
BRDA:376,35,1,0
BRDA:411,36,0,0
BRDA:418,37,0,0
BRDA:418,37,1,0
BRF:73
BRH:0
end_of_record
TN:
SF:src\services\notification.service.js
FN:4,(anonymous_0)
FN:19,(anonymous_1)
FN:23,(anonymous_2)
FN:43,(anonymous_3)
FN:74,(anonymous_4)
FN:94,(anonymous_5)
FN:108,(anonymous_6)
FNF:7
FNH:0
FNDA:0,(anonymous_0)
FNDA:0,(anonymous_1)
FNDA:0,(anonymous_2)
FNDA:0,(anonymous_3)
FNDA:0,(anonymous_4)
FNDA:0,(anonymous_5)
FNDA:0,(anonymous_6)
DA:1,0
DA:2,0
DA:4,0
DA:12,0
DA:19,0
DA:20,0
DA:22,0
DA:23,0
DA:24,0
DA:25,0
DA:33,0
DA:36,0
DA:43,0
DA:44,0
DA:45,0
DA:46,0
DA:47,0
DA:49,0
DA:50,0
DA:51,0
DA:52,0
DA:55,0
DA:57,0
DA:61,0
DA:63,0
DA:64,0
DA:73,0
DA:74,0
DA:94,0
DA:95,0
DA:103,0
DA:104,0
DA:108,0
DA:109,0
DA:117,0
LF:35
LH:0
BRDA:9,0,0,0
BRDA:10,1,0,0
BRDA:20,2,0,0
BRDA:20,2,1,0
BRDA:20,3,0,0
BRDA:20,3,1,0
BRDA:30,4,0,0
BRDA:30,4,1,0
BRDA:31,5,0,0
BRDA:31,5,1,0
BRDA:43,6,0,0
BRDA:43,7,0,0
BRDA:43,8,0,0
BRDA:49,9,0,0
BRDA:49,9,1,0
BRDA:103,10,0,0
BRDA:103,10,1,0
BRF:17
BRH:0
end_of_record
TN:
SF:src\services\payroll.service.js
FN:13,(anonymous_0)
FN:63,(anonymous_1)
FN:85,(anonymous_2)
FN:116,(anonymous_3)
FN:262,(anonymous_4)
FN:294,(anonymous_5)
FN:344,(anonymous_6)
FN:366,(anonymous_7)
FN:385,(anonymous_8)
FN:400,(anonymous_9)
FN:409,(anonymous_10)
FN:427,(anonymous_11)
FN:449,(anonymous_12)
FN:469,(anonymous_13)
FNF:14
FNH:0
FNDA:0,(anonymous_0)
FNDA:0,(anonymous_1)
FNDA:0,(anonymous_2)
FNDA:0,(anonymous_3)
FNDA:0,(anonymous_4)
FNDA:0,(anonymous_5)
FNDA:0,(anonymous_6)
FNDA:0,(anonymous_7)
FNDA:0,(anonymous_8)
FNDA:0,(anonymous_9)
FNDA:0,(anonymous_10)
FNDA:0,(anonymous_11)
FNDA:0,(anonymous_12)
FNDA:0,(anonymous_13)
DA:6,0
DA:7,0
DA:8,0
DA:13,0
DA:14,0
DA:15,0
DA:16,0
DA:17,0
DA:19,0
DA:20,0
DA:21,0
DA:22,0
DA:25,0
DA:26,0
DA:27,0
DA:28,0
DA:31,0
DA:33,0
DA:37,0
DA:39,0
DA:51,0
DA:52,0
DA:54,0
DA:63,0
DA:64,0
DA:75,0
DA:76,0
DA:79,0
DA:85,0
DA:87,0
DA:92,0
DA:93,0
DA:94,0
DA:96,0
DA:100,0
DA:101,0
DA:103,0
DA:110,0
DA:116,0
DA:117,0
DA:119,0
DA:120,0
DA:123,0
DA:128,0
DA:129,0
DA:132,0
DA:134,0
DA:135,0
DA:139,0
DA:145,0
DA:164,0
DA:167,0
DA:168,0
DA:170,0
DA:171,0
DA:172,0
DA:173,0
DA:176,0
DA:179,0
DA:180,0
DA:181,0
DA:184,0
DA:187,0
DA:193,0
DA:194,0
DA:196,0
DA:197,0
DA:200,0
DA:227,0
DA:228,0
DA:229,0
DA:230,0
DA:234,0
DA:248,0
DA:250,0
DA:252,0
DA:253,0
DA:255,0
DA:262,0
DA:263,0
DA:268,0
DA:269,0
DA:272,0
DA:273,0
DA:276,0
DA:283,0
DA:288,0
DA:294,0
DA:295,0
DA:296,0
DA:297,0
DA:298,0
DA:300,0
DA:301,0
DA:302,0
DA:303,0
DA:306,0
DA:307,0
DA:308,0
DA:309,0
DA:312,0
DA:314,0
DA:318,0
DA:320,0
DA:332,0
DA:333,0
DA:335,0
DA:344,0
DA:345,0
DA:356,0
DA:357,0
DA:360,0
DA:366,0
DA:367,0
DA:385,0
DA:400,0
DA:401,0
DA:402,0
DA:405,0
DA:409,0
DA:411,0
DA:412,0
DA:414,0
DA:415,0
DA:416,0
DA:418,0
DA:419,0
DA:421,0
DA:424,0
DA:427,0
DA:428,0
DA:440,0
DA:441,0
DA:449,0
DA:469,0
DA:514,0
LF:136
LH:0
BRDA:13,0,0,0
BRDA:13,1,0,0
BRDA:19,2,0,0
BRDA:19,2,1,0
BRDA:25,3,0,0
BRDA:25,3,1,0
BRDA:31,4,0,0
BRDA:31,4,1,0
BRDA:75,5,0,0
BRDA:75,5,1,0
BRDA:92,6,0,0
BRDA:92,6,1,0
BRDA:93,7,0,0
BRDA:93,7,1,0
BRDA:128,8,0,0
BRDA:128,8,1,0
BRDA:134,9,0,0
BRDA:134,9,1,0
BRDA:188,10,0,0
BRDA:188,10,1,0
BRDA:189,11,0,0
BRDA:189,11,1,0
BRDA:268,12,0,0
BRDA:268,12,1,0
BRDA:272,13,0,0
BRDA:272,13,1,0
BRDA:294,14,0,0
BRDA:294,15,0,0
BRDA:300,16,0,0
BRDA:300,16,1,0
BRDA:306,17,0,0
BRDA:306,17,1,0
BRDA:312,18,0,0
BRDA:312,18,1,0
BRDA:356,19,0,0
BRDA:356,19,1,0
BRDA:366,20,0,0
BRDA:418,21,0,0
BRDA:418,21,1,0
BRDA:418,22,0,0
BRDA:418,22,1,0
BRDA:418,22,2,0
BRDA:442,23,0,0
BRDA:442,23,1,0
BRDA:443,24,0,0
BRDA:443,24,1,0
BRDA:444,25,0,0
BRDA:444,25,1,0
BRDA:445,26,0,0
BRDA:445,26,1,0
BRDA:457,27,0,0
BRDA:457,27,1,0
BRDA:458,28,0,0
BRDA:458,28,1,0
BRDA:459,29,0,0
BRDA:459,29,1,0
BRDA:460,30,0,0
BRDA:460,30,1,0
BRDA:474,31,0,0
BRDA:474,31,1,0
BRDA:482,32,0,0
BRDA:482,32,1,0
BRDA:483,33,0,0
BRDA:483,33,1,0
BRDA:491,34,0,0
BRDA:491,34,1,0
BRDA:492,35,0,0
BRDA:492,35,1,0
BRF:68
BRH:0
end_of_record
TN:
SF:src\services\settings.service.js
FN:51,(anonymous_0)
FN:80,(anonymous_1)
FN:106,(anonymous_2)
FN:125,(anonymous_3)
FN:140,(anonymous_4)
FN:148,(anonymous_5)
FN:160,(anonymous_6)
FN:175,(anonymous_7)
FN:180,(anonymous_8)
FNF:9
FNH:0
FNDA:0,(anonymous_0)
FNDA:0,(anonymous_1)
FNDA:0,(anonymous_2)
FNDA:0,(anonymous_3)
FNDA:0,(anonymous_4)
FNDA:0,(anonymous_5)
FNDA:0,(anonymous_6)
FNDA:0,(anonymous_7)
FNDA:0,(anonymous_8)
DA:6,0
DA:9,0
DA:51,0
DA:52,0
DA:54,0
DA:56,0
DA:57,0
DA:58,0
DA:60,0
DA:61,0
DA:62,0
DA:64,0
DA:67,0
DA:68,0
DA:70,0
DA:74,0
DA:80,0
DA:81,0
DA:86,0
DA:88,0
DA:89,0
DA:90,0
DA:91,0
DA:93,0
DA:96,0
DA:97,0
DA:99,0
DA:106,0
DA:107,0
DA:109,0
DA:110,0
DA:112,0
DA:119,0
DA:125,0
DA:126,0
DA:128,0
DA:134,0
DA:140,0
DA:141,0
DA:143,0
DA:148,0
DA:160,0
DA:161,0
DA:163,0
DA:169,0
DA:175,0
DA:176,0
DA:180,0
DA:181,0
DA:183,0
DA:184,0
DA:186,0
DA:187,0
DA:189,0
DA:193,0
DA:196,0
LF:56
LH:0
BRDA:61,0,0,0
BRDA:61,0,1,0
BRDA:86,1,0,0
BRDA:86,1,1,0
BRDA:110,2,0,0
BRDA:110,2,1,0
BRDA:126,3,0,0
BRDA:126,3,1,0
BRDA:141,4,0,0
BRDA:141,4,1,0
BRDA:167,5,0,0
BRDA:167,5,1,0
BRDA:180,6,0,0
BRDA:184,7,0,0
BRDA:184,7,1,0
BRDA:186,8,0,0
BRDA:186,8,1,0
BRDA:186,9,0,0
BRDA:186,9,1,0
BRDA:186,9,2,0
BRF:20
BRH:0
end_of_record
TN:
SF:src\services\user.service.js
FN:6,(anonymous_0)
FNF:1
FNH:0
FNDA:0,(anonymous_0)
DA:1,0
DA:2,0
DA:4,0
DA:6,0
DA:7,0
DA:8,0
DA:11,0
DA:13,0
DA:14,0
DA:16,0
DA:20,0
DA:22,0
DA:23,0
DA:26,0
DA:27,0
DA:28,0
DA:37,0
DA:38,0
DA:46,0
DA:47,0
DA:48,0
DA:52,0
DA:59,0
DA:61,0
DA:67,0
DA:81,0
DA:83,0
DA:90,0
DA:91,0
DA:93,0
DA:97,0
LF:31
LH:0
BRDA:7,0,0,0
BRDA:7,0,1,0
BRDA:22,1,0,0
BRDA:22,1,1,0
BRDA:26,2,0,0
BRDA:26,2,1,0
BRDA:37,3,0,0
BRDA:37,3,1,0
BRDA:37,4,0,0
BRDA:37,4,1,0
BRDA:47,5,0,0
BRDA:47,5,1,0
BRDA:64,6,0,0
BRDA:64,6,1,0
BRDA:76,7,0,0
BRDA:76,7,1,0
BRF:16
BRH:0
end_of_record
TN:
SF:src\services\ai\chatbot.service.js
FN:50,(anonymous_0)
FN:90,(anonymous_1)
FN:94,(anonymous_2)
FN:114,(anonymous_3)
FN:138,handleSalaryQuery
FN:154,handleLeaveQuery
FN:174,(anonymous_6)
FN:185,handleAttendanceQuery
FN:214,handleTaxQuery
FN:223,handlePayslipQuery
FN:248,handlePolicyQuery
FN:255,handleGreeting
FN:265,handleHelp
FN:272,handleUnknown
FN:281,getTimeBasedGreeting
FN:288,getDefaultSuggestions
FN:292,saveMessage
FN:302,(anonymous_17)
FN:310,(anonymous_18)
FNF:19
FNH:0
FNDA:0,(anonymous_0)
FNDA:0,(anonymous_1)
FNDA:0,(anonymous_2)
FNDA:0,(anonymous_3)
FNDA:0,handleSalaryQuery
FNDA:0,handleLeaveQuery
FNDA:0,(anonymous_6)
FNDA:0,handleAttendanceQuery
FNDA:0,handleTaxQuery
FNDA:0,handlePayslipQuery
FNDA:0,handlePolicyQuery
FNDA:0,handleGreeting
FNDA:0,handleHelp
FNDA:0,handleUnknown
FNDA:0,getTimeBasedGreeting
FNDA:0,getDefaultSuggestions
FNDA:0,saveMessage
FNDA:0,(anonymous_17)
FNDA:0,(anonymous_18)
DA:6,0
DA:7,0
DA:12,0
DA:50,0
DA:51,0
DA:54,0
DA:55,0
DA:56,0
DA:60,0
DA:64,0
DA:67,0
DA:70,0
DA:73,0
DA:74,0
DA:76,0
DA:90,0
DA:91,0
DA:93,0
DA:94,0
DA:95,0
DA:96,0
DA:104,0
DA:114,0
DA:115,0
DA:133,0
DA:139,0
DA:140,0
DA:145,0
DA:147,0
DA:155,0
DA:156,0
DA:159,0
DA:174,0
DA:175,0
DA:178,0
DA:186,0
DA:187,0
DA:190,0
DA:191,0
DA:193,0
DA:205,0
DA:207,0
DA:215,0
DA:217,0
DA:224,0
DA:225,0
DA:228,0
DA:236,0
DA:237,0
DA:240,0
DA:241,0
DA:249,0
DA:256,0
DA:257,0
DA:259,0
DA:266,0
DA:273,0
DA:282,0
DA:283,0
DA:284,0
DA:285,0
DA:289,0
DA:293,0
DA:302,0
DA:303,0
DA:310,0
DA:317,0
LF:67
LH:0
BRDA:55,0,0,0
BRDA:55,0,1,0
BRDA:79,1,0,0
BRDA:79,1,1,0
BRDA:82,2,0,0
BRDA:82,2,1,0
BRDA:95,3,0,0
BRDA:95,3,1,0
BRDA:133,4,0,0
BRDA:133,4,1,0
BRDA:139,5,0,0
BRDA:139,5,1,0
BRDA:145,6,0,0
BRDA:145,6,1,0
BRDA:155,7,0,0
BRDA:155,7,1,0
BRDA:186,8,0,0
BRDA:186,8,1,0
BRDA:208,9,0,0
BRDA:208,9,1,0
BRDA:208,10,0,0
BRDA:208,10,1,0
BRDA:208,11,0,0
BRDA:208,11,1,0
BRDA:208,12,0,0
BRDA:208,12,1,0
BRDA:224,13,0,0
BRDA:224,13,1,0
BRDA:236,14,0,0
BRDA:236,14,1,0
BRDA:256,15,0,0
BRDA:256,15,1,0
BRDA:283,16,0,0
BRDA:283,16,1,0
BRDA:284,17,0,0
BRDA:284,17,1,0
BRF:36
BRH:0
end_of_record
TN:
SF:src\services\ai\fraudDetection.service.js
FN:41,(anonymous_0)
FN:67,(anonymous_1)
FN:68,(anonymous_2)
FN:69,(anonymous_3)
FN:77,(anonymous_4)
FN:89,(anonymous_5)
FN:107,(anonymous_6)
FN:130,(anonymous_7)
FN:149,(anonymous_8)
FN:165,(anonymous_9)
FN:184,(anonymous_10)
FN:202,(anonymous_11)
FN:220,(anonymous_12)
FN:240,(anonymous_13)
FNF:14
FNH:0
FNDA:0,(anonymous_0)
FNDA:0,(anonymous_1)
FNDA:0,(anonymous_2)
FNDA:0,(anonymous_3)
FNDA:0,(anonymous_4)
FNDA:0,(anonymous_5)
FNDA:0,(anonymous_6)
FNDA:0,(anonymous_7)
FNDA:0,(anonymous_8)
FNDA:0,(anonymous_9)
FNDA:0,(anonymous_10)
FNDA:0,(anonymous_11)
FNDA:0,(anonymous_12)
FNDA:0,(anonymous_13)
DA:7,0
DA:12,0
DA:41,0
DA:42,0
DA:45,0
DA:46,0
DA:49,0
DA:50,0
DA:53,0
DA:54,0
DA:57,0
DA:58,0
DA:61,0
DA:62,0
DA:65,0
DA:67,0
DA:68,0
DA:69,0
DA:77,0
DA:78,0
DA:89,0
DA:107,0
DA:108,0
DA:130,0
DA:149,0
DA:150,0
DA:165,0
DA:184,0
DA:185,0
DA:186,0
DA:188,0
DA:202,0
DA:220,0
DA:221,0
DA:240,0
DA:241,0
DA:254,0
DA:257,0
LF:38
LH:0
BRDA:175,0,0,0
BRDA:175,0,1,0
BRDA:177,1,0,0
BRDA:177,1,1,0
BRDA:228,2,0,0
BRDA:228,2,1,0
BRF:6
BRH:0
end_of_record
TN:
SF:src\services\ai\payrollForecast.service.js
FN:11,(anonymous_0)
FN:63,(anonymous_1)
FN:77,(anonymous_2)
FN:88,(anonymous_3)
FN:109,(anonymous_4)
FN:141,(anonymous_5)
FN:145,(anonymous_6)
FN:149,(anonymous_7)
FN:163,(anonymous_8)
FN:185,(anonymous_9)
FN:200,(anonymous_10)
FN:203,(anonymous_11)
FNF:12
FNH:0
FNDA:0,(anonymous_0)
FNDA:0,(anonymous_1)
FNDA:0,(anonymous_2)
FNDA:0,(anonymous_3)
FNDA:0,(anonymous_4)
FNDA:0,(anonymous_5)
FNDA:0,(anonymous_6)
FNDA:0,(anonymous_7)
FNDA:0,(anonymous_8)
FNDA:0,(anonymous_9)
FNDA:0,(anonymous_10)
FNDA:0,(anonymous_11)
DA:6,0
DA:11,0
DA:13,0
DA:15,0
DA:16,0
DA:24,0
DA:27,0
DA:28,0
DA:29,0
DA:30,0
DA:32,0
DA:33,0
DA:34,0
DA:35,0
DA:38,0
DA:39,0
DA:40,0
DA:43,0
DA:44,0
DA:46,0
DA:58,0
DA:59,0
DA:63,0
DA:64,0
DA:66,0
DA:77,0
DA:88,0
DA:89,0
DA:103,0
DA:109,0
DA:110,0
DA:111,0
DA:119,0
DA:120,0
DA:122,0
DA:123,0
DA:124,0
DA:126,0
DA:127,0
DA:128,0
DA:129,0
DA:131,0
DA:132,0
DA:134,0
DA:135,0
DA:140,0
DA:141,0
DA:144,0
DA:145,0
DA:149,0
DA:151,0
DA:163,0
DA:164,0
DA:179,0
DA:185,0
DA:186,0
DA:199,0
DA:200,0
DA:203,0
DA:215,0
LF:60
LH:0
BRDA:11,0,0,0
BRDA:15,1,0,0
BRDA:15,1,1,0
BRDA:88,2,0,0
BRDA:110,3,0,0
BRDA:110,3,1,0
BRDA:114,4,0,0
BRDA:114,4,1,0
BRDA:131,5,0,0
BRDA:131,5,1,0
BRDA:134,6,0,0
BRDA:134,6,1,0
BRDA:140,7,0,0
BRDA:140,7,1,0
BRDA:144,8,0,0
BRDA:144,8,1,0
BRDA:179,9,0,0
BRDA:179,9,1,0
BRDA:199,10,0,0
BRDA:199,10,1,0
BRDA:208,11,0,0
BRDA:208,11,1,0
BRF:22
BRH:0
end_of_record
TN:
SF:src\services\ai\salaryAnomaly.service.js
FN:12,(anonymous_0)
FN:46,(anonymous_1)
FN:77,(anonymous_2)
FN:98,(anonymous_3)
FN:131,(anonymous_4)
FN:155,(anonymous_5)
FN:173,(anonymous_6)
FN:195,(anonymous_7)
FN:212,(anonymous_8)
FN:222,(anonymous_9)
FNF:10
FNH:0
FNDA:0,(anonymous_0)
FNDA:0,(anonymous_1)
FNDA:0,(anonymous_2)
FNDA:0,(anonymous_3)
FNDA:0,(anonymous_4)
FNDA:0,(anonymous_5)
FNDA:0,(anonymous_6)
FNDA:0,(anonymous_7)
FNDA:0,(anonymous_8)
FNDA:0,(anonymous_9)
DA:6,0
DA:12,0
DA:13,0
DA:16,0
DA:17,0
DA:20,0
DA:21,0
DA:24,0
DA:25,0
DA:28,0
DA:29,0
DA:32,0
DA:46,0
DA:47,0
DA:77,0
DA:98,0
DA:99,0
DA:131,0
DA:155,0
DA:156,0
DA:173,0
DA:195,0
DA:196,0
DA:212,0
DA:222,0
DA:223,0
DA:239,0
LF:27
LH:0
BRDA:80,0,0,0
BRDA:80,0,1,0
BRDA:82,1,0,0
BRDA:82,1,1,0
BRDA:176,2,0,0
BRDA:176,2,1,0
BRDA:178,3,0,0
BRDA:178,3,1,0
BRDA:230,4,0,0
BRDA:230,4,1,0
BRF:10
BRH:0
end_of_record
TN:
SF:src\services\ai\salaryRecommendation.service.js
FN:34,(anonymous_0)
FN:121,(anonymous_1)
FN:182,(anonymous_2)
FN:193,(anonymous_3)
FN:194,(anonymous_4)
FN:195,(anonymous_5)
FN:196,(anonymous_6)
FN:204,(anonymous_7)
FN:211,(anonymous_8)
FN:217,(anonymous_9)
FN:236,(anonymous_10)
FN:244,(anonymous_11)
FN:251,(anonymous_12)
FNF:13
FNH:0
FNDA:0,(anonymous_0)
FNDA:0,(anonymous_1)
FNDA:0,(anonymous_2)
FNDA:0,(anonymous_3)
FNDA:0,(anonymous_4)
FNDA:0,(anonymous_5)
FNDA:0,(anonymous_6)
FNDA:0,(anonymous_7)
FNDA:0,(anonymous_8)
FNDA:0,(anonymous_9)
FNDA:0,(anonymous_10)
FNDA:0,(anonymous_11)
FNDA:0,(anonymous_12)
DA:6,0
DA:12,0
DA:34,0
DA:36,0
DA:52,0
DA:53,0
DA:56,0
DA:57,0
DA:60,0
DA:63,0
DA:66,0
DA:67,0
DA:70,0
DA:73,0
DA:75,0
DA:115,0
DA:121,0
DA:122,0
DA:124,0
DA:138,0
DA:139,0
DA:140,0
DA:141,0
DA:144,0
DA:146,0
DA:148,0
DA:149,0
DA:150,0
DA:152,0
DA:153,0
DA:154,0
DA:155,0
DA:156,0
DA:157,0
DA:159,0
DA:160,0
DA:162,0
DA:164,0
DA:182,0
DA:183,0
DA:184,0
DA:187,0
DA:193,0
DA:194,0
DA:195,0
DA:196,0
DA:204,0
DA:205,0
DA:206,0
DA:207,0
DA:208,0
DA:211,0
DA:214,0
DA:217,0
DA:218,0
DA:228,0
DA:229,0
DA:236,0
DA:237,0
DA:238,0
DA:239,0
DA:240,0
DA:241,0
DA:244,0
DA:245,0
DA:246,0
DA:247,0
DA:248,0
DA:251,0
DA:252,0
DA:254,0
DA:255,0
DA:256,0
DA:257,0
DA:258,0
DA:259,0
DA:261,0
DA:264,0
DA:265,0
DA:268,0
DA:271,0
LF:81
LH:0
BRDA:52,0,0,0
BRDA:52,0,1,0
BRDA:57,1,0,0
BRDA:57,1,1,0
BRDA:60,2,0,0
BRDA:60,2,1,0
BRDA:106,3,0,0
BRDA:106,3,1,0
BRDA:121,4,0,0
BRDA:139,5,0,0
BRDA:139,5,1,0
BRDA:153,6,0,0
BRDA:153,6,1,0
BRDA:154,7,0,0
BRDA:154,7,1,0
BRDA:173,8,0,0
BRDA:173,8,1,0
BRDA:177,9,0,0
BRDA:177,9,1,0
BRDA:177,10,0,0
BRDA:177,10,1,0
BRDA:205,11,0,0
BRDA:205,11,1,0
BRDA:230,12,0,0
BRDA:230,12,1,0
BRDA:231,13,0,0
BRDA:231,13,1,0
BRDA:237,14,0,0
BRDA:237,14,1,0
BRDA:238,15,0,0
BRDA:238,15,1,0
BRDA:239,16,0,0
BRDA:239,16,1,0
BRDA:240,17,0,0
BRDA:240,17,1,0
BRDA:245,18,0,0
BRDA:245,18,1,0
BRDA:246,19,0,0
BRDA:246,19,1,0
BRDA:247,20,0,0
BRDA:247,20,1,0
BRDA:254,21,0,0
BRDA:254,21,1,0
BRDA:256,22,0,0
BRDA:256,22,1,0
BRDA:258,23,0,0
BRDA:258,23,1,0
BRDA:264,24,0,0
BRDA:264,24,1,0
BRDA:264,25,0,0
BRDA:264,25,1,0
BRF:51
BRH:0
end_of_record
TN:
SF:src\utils\apiResponse.js
FN:12,(anonymous_0)
FN:37,(anonymous_1)
FN:57,(anonymous_2)
FN:78,(anonymous_3)
FNF:4
FNH:0
FNDA:0,(anonymous_0)
FNDA:0,(anonymous_1)
FNDA:0,(anonymous_2)
FNDA:0,(anonymous_3)
DA:12,1
DA:13,0
DA:18,0
DA:19,0
DA:22,0
DA:23,0
DA:26,0
DA:37,1
DA:38,0
DA:57,1
DA:58,0
DA:66,0
DA:67,0
DA:70,0
DA:78,1
DA:79,0
DA:92,1
DA:141,1
LF:18
LH:6
BRDA:12,0,0,0
BRDA:12,1,0,0
BRDA:18,2,0,0
BRDA:18,2,1,0
BRDA:22,3,0,0
BRDA:22,3,1,0
BRDA:57,4,0,0
BRDA:66,5,0,0
BRDA:66,5,1,0
BRF:9
BRH:0
end_of_record
TN:
SF:src\utils\errors.js
FN:12,(anonymous_0)
FN:27,(anonymous_1)
FN:43,(anonymous_2)
FN:52,(anonymous_3)
FN:61,(anonymous_4)
FN:70,(anonymous_5)
FN:79,(anonymous_6)
FN:90,(anonymous_7)
FN:99,(anonymous_8)
FN:108,(anonymous_9)
FNF:10
FNH:2
FNDA:1,(anonymous_0)
FNDA:0,(anonymous_1)
FNDA:0,(anonymous_2)
FNDA:1,(anonymous_3)
FNDA:0,(anonymous_4)
FNDA:0,(anonymous_5)
FNDA:0,(anonymous_6)
FNDA:0,(anonymous_7)
FNDA:0,(anonymous_8)
FNDA:0,(anonymous_9)
DA:6,1
DA:13,1
DA:14,1
DA:15,1
DA:16,1
DA:17,1
DA:19,1
DA:29,0
DA:31,0
DA:32,0
DA:33,0
DA:34,0
DA:44,0
DA:53,1
DA:62,0
DA:71,0
DA:80,0
DA:81,0
DA:82,0
DA:91,0
DA:100,0
DA:109,0
DA:113,1
LF:23
LH:9
BRDA:16,0,0,1
BRDA:16,0,1,0
BRDA:27,1,0,0
BRDA:27,2,0,0
BRDA:29,3,0,0
BRDA:29,3,1,0
BRDA:29,3,2,0
BRDA:31,4,0,0
BRDA:31,4,1,0
BRDA:33,5,0,0
BRDA:33,5,1,0
BRDA:43,6,0,0
BRDA:43,7,0,0
BRDA:52,8,0,0
BRDA:52,9,0,1
BRDA:61,10,0,0
BRDA:61,11,0,0
BRDA:70,12,0,0
BRDA:70,13,0,0
BRDA:79,14,0,0
BRDA:79,15,0,0
BRDA:90,16,0,0
BRDA:99,17,0,0
BRDA:99,18,0,0
BRDA:108,19,0,0
BRF:25
BRH:2
end_of_record
TN:
SF:src\utils\jwt.js
FN:13,(anonymous_0)
FN:27,(anonymous_1)
FN:34,(anonymous_2)
FN:41,(anonymous_3)
FN:62,(anonymous_4)
FN:69,(anonymous_5)
FN:90,(anonymous_6)
FNF:7
FNH:0
FNDA:0,(anonymous_0)
FNDA:0,(anonymous_1)
FNDA:0,(anonymous_2)
FNDA:0,(anonymous_3)
FNDA:0,(anonymous_4)
FNDA:0,(anonymous_5)
FNDA:0,(anonymous_6)
DA:6,0
DA:7,0
DA:8,0
DA:13,0
DA:14,0
DA:15,0
DA:17,0
DA:27,0
DA:28,0
DA:34,0
DA:35,0
DA:41,0
DA:42,0
DA:43,0
DA:45,0
DA:50,0
DA:51,0
DA:52,0
DA:53,0
DA:55,0
DA:62,0
DA:63,0
DA:69,0
DA:70,0
DA:76,0
DA:77,0
DA:79,0
DA:90,0
DA:91,0
DA:92,0
DA:93,0
DA:96,0
LF:32
LH:0
BRDA:14,0,0,0
BRDA:14,0,1,0
BRDA:15,1,0,0
BRDA:15,1,1,0
BRDA:43,2,0,0
BRDA:43,2,1,0
BRDA:50,3,0,0
BRDA:50,3,1,0
BRDA:52,4,0,0
BRDA:52,4,1,0
BRDA:82,5,0,0
BRDA:82,5,1,0
BRDA:83,6,0,0
BRDA:83,6,1,0
BRDA:91,7,0,0
BRDA:91,7,1,0
BRDA:92,8,0,0
BRDA:92,8,1,0
BRF:18
BRH:0
end_of_record
TN:
SF:src\utils\taxCalculator.js
FN:34,(anonymous_0)
FN:67,(anonymous_1)
FN:87,(anonymous_2)
FN:102,(anonymous_3)
FN:117,(anonymous_4)
FN:153,(anonymous_5)
FN:156,(anonymous_6)
FNF:7
FNH:0
FNDA:0,(anonymous_0)
FNDA:0,(anonymous_1)
FNDA:0,(anonymous_2)
FNDA:0,(anonymous_3)
FNDA:0,(anonymous_4)
FNDA:0,(anonymous_5)
FNDA:0,(anonymous_6)
DA:9,0
DA:19,0
DA:34,0
DA:35,0
DA:37,0
DA:38,0
DA:40,0
DA:41,0
DA:42,0
DA:43,0
DA:44,0
DA:45,0
DA:47,0
DA:51,0
DA:67,0
DA:68,0
DA:69,0
DA:71,0
DA:87,0
DA:88,0
DA:89,0
DA:91,0
DA:102,0
DA:104,0
DA:105,0
DA:107,0
DA:117,0
DA:118,0
DA:119,0
DA:120,0
DA:125,0
DA:128,0
DA:133,0
DA:153,0
DA:154,0
DA:156,0
DA:164,0
LF:37
LH:0
BRDA:34,0,0,0
BRDA:35,1,0,0
BRDA:35,1,1,0
BRDA:41,2,0,0
BRDA:41,2,1,0
BRDA:41,3,0,0
BRDA:41,3,1,0
BRDA:43,4,0,0
BRDA:43,4,1,0
BRDA:55,5,0,0
BRDA:55,5,1,0
BRDA:56,6,0,0
BRDA:56,6,1,0
BRDA:56,7,0,0
BRDA:56,7,1,0
BRDA:67,8,0,0
BRDA:117,9,0,0
BRDA:117,10,0,0
BRDA:123,11,0,0
BRDA:124,12,0,0
BRDA:153,13,0,0
BRDA:154,14,0,0
BRDA:154,14,1,0
BRDA:158,15,0,0
BRDA:158,15,1,0
BRF:25
BRH:0
end_of_record
TN:
SF:src\utils\transformers.js
FN:6,(anonymous_0)
FN:6,(anonymous_1)
FN:8,(anonymous_2)
FN:13,(anonymous_3)
FN:19,(anonymous_4)
FN:28,(anonymous_5)
FN:34,(anonymous_6)
FN:43,(anonymous_7)
FN:48,(anonymous_8)
FN:61,(anonymous_9)
FN:200,(anonymous_10)
FN:202,(anonymous_11)
FN:223,(anonymous_12)
FN:245,(anonymous_13)
FN:247,(anonymous_14)
FN:282,(anonymous_15)
FN:284,(anonymous_16)
FN:307,(anonymous_17)
FN:324,(anonymous_18)
FN:338,(anonymous_19)
FN:348,(anonymous_20)
FN:355,(anonymous_21)
FNF:22
FNH:0
FNDA:0,(anonymous_0)
FNDA:0,(anonymous_1)
FNDA:0,(anonymous_2)
FNDA:0,(anonymous_3)
FNDA:0,(anonymous_4)
FNDA:0,(anonymous_5)
FNDA:0,(anonymous_6)
FNDA:0,(anonymous_7)
FNDA:0,(anonymous_8)
FNDA:0,(anonymous_9)
FNDA:0,(anonymous_10)
FNDA:0,(anonymous_11)
FNDA:0,(anonymous_12)
FNDA:0,(anonymous_13)
FNDA:0,(anonymous_14)
FNDA:0,(anonymous_15)
FNDA:0,(anonymous_16)
FNDA:0,(anonymous_17)
FNDA:0,(anonymous_18)
FNDA:0,(anonymous_19)
FNDA:0,(anonymous_20)
FNDA:0,(anonymous_21)
DA:6,0
DA:8,0
DA:13,0
DA:14,0
DA:15,0
DA:16,0
DA:18,0
DA:19,0
DA:20,0
DA:21,0
DA:25,0
DA:28,0
DA:29,0
DA:30,0
DA:31,0
DA:33,0
DA:34,0
DA:35,0
DA:36,0
DA:40,0
DA:43,0
DA:44,0
DA:45,0
DA:48,0
DA:49,0
DA:50,0
DA:52,0
DA:53,0
DA:56,0
DA:57,0
DA:58,0
DA:61,0
DA:62,0
DA:64,0
DA:65,0
DA:66,0
DA:67,0
DA:68,0
DA:69,0
DA:70,0
DA:71,0
DA:72,0
DA:74,0
DA:200,0
DA:202,0
DA:203,0
DA:205,0
DA:206,0
DA:207,0
DA:209,0
DA:210,0
DA:213,0
DA:214,0
DA:216,0
DA:223,0
DA:224,0
DA:226,0
DA:228,0
DA:245,0
DA:247,0
DA:248,0
DA:250,0
DA:251,0
DA:253,0
DA:282,0
DA:284,0
DA:285,0
DA:287,0
DA:289,0
DA:307,0
DA:308,0
DA:310,0
DA:312,0
DA:324,0
DA:325,0
DA:327,0
DA:338,0
DA:339,0
DA:341,0
DA:348,0
DA:349,0
DA:350,0
DA:351,0
DA:352,0
DA:355,0
DA:356,0
DA:357,0
DA:358,0
DA:359,0
DA:362,0
LF:90
LH:0
BRDA:14,0,0,0
BRDA:14,0,1,0
BRDA:14,1,0,0
BRDA:14,1,1,0
BRDA:15,2,0,0
BRDA:15,2,1,0
BRDA:16,3,0,0
BRDA:16,3,1,0
BRDA:18,4,0,0
BRDA:18,4,1,0
BRDA:29,5,0,0
BRDA:29,5,1,0
BRDA:29,6,0,0
BRDA:29,6,1,0
BRDA:30,7,0,0
BRDA:30,7,1,0
BRDA:31,8,0,0
BRDA:31,8,1,0
BRDA:33,9,0,0
BRDA:33,9,1,0
BRDA:43,10,0,0
BRDA:45,11,0,0
BRDA:45,11,1,0
BRDA:49,12,0,0
BRDA:49,12,1,0
BRDA:49,12,2,0
BRDA:50,13,0,0
BRDA:50,13,1,0
BRDA:50,13,2,0
BRDA:52,14,0,0
BRDA:52,14,1,0
BRDA:52,15,0,0
BRDA:52,15,1,0
BRDA:56,16,0,0
BRDA:56,16,1,0
BRDA:56,16,2,0
BRDA:57,17,0,0
BRDA:62,18,0,0
BRDA:62,18,1,0
BRDA:65,19,0,0
BRDA:65,19,1,0
BRDA:65,19,2,0
BRDA:65,19,3,0
BRDA:72,20,0,0
BRDA:72,20,1,0
BRDA:78,21,0,0
BRDA:78,21,1,0
BRDA:79,22,0,0
BRDA:79,22,1,0
BRDA:85,23,0,0
BRDA:85,23,1,0
BRDA:86,24,0,0
BRDA:86,24,1,0
BRDA:88,25,0,0
BRDA:88,25,1,0
BRDA:89,26,0,0
BRDA:89,26,1,0
BRDA:90,27,0,0
BRDA:90,27,1,0
BRDA:91,28,0,0
BRDA:91,28,1,0
BRDA:91,28,2,0
BRDA:92,29,0,0
BRDA:92,29,1,0
BRDA:93,30,0,0
BRDA:93,30,1,0
BRDA:94,31,0,0
BRDA:94,31,1,0
BRDA:95,32,0,0
BRDA:95,32,1,0
BRDA:96,33,0,0
BRDA:96,33,1,0
BRDA:97,34,0,0
BRDA:97,34,1,0
BRDA:97,34,2,0
BRDA:98,35,0,0
BRDA:98,35,1,0
BRDA:99,36,0,0
BRDA:99,36,1,0
BRDA:99,36,2,0
BRDA:100,37,0,0
BRDA:100,37,1,0
BRDA:101,38,0,0
BRDA:101,38,1,0
BRDA:102,39,0,0
BRDA:102,39,1,0
BRDA:103,40,0,0
BRDA:103,40,1,0
BRDA:104,41,0,0
BRDA:104,41,1,0
BRDA:106,42,0,0
BRDA:106,42,1,0
BRDA:106,42,2,0
BRDA:107,43,0,0
BRDA:107,43,1,0
BRDA:108,44,0,0
BRDA:108,44,1,0
BRDA:110,45,0,0
BRDA:110,45,1,0
BRDA:111,46,0,0
BRDA:111,46,1,0
BRDA:112,47,0,0
BRDA:112,47,1,0
BRDA:113,48,0,0
BRDA:113,48,1,0
BRDA:114,49,0,0
BRDA:114,49,1,0
BRDA:115,50,0,0
BRDA:115,50,1,0
BRDA:115,50,2,0
BRDA:116,51,0,0
BRDA:116,51,1,0
BRDA:117,52,0,0
BRDA:117,52,1,0
BRDA:118,53,0,0
BRDA:118,53,1,0
BRDA:119,54,0,0
BRDA:119,54,1,0
BRDA:120,55,0,0
BRDA:120,55,1,0
BRDA:122,56,0,0
BRDA:122,56,1,0
BRDA:122,56,2,0
BRDA:123,57,0,0
BRDA:123,57,1,0
BRDA:123,57,2,0
BRDA:132,58,0,0
BRDA:132,58,1,0
BRDA:139,59,0,0
BRDA:139,59,1,0
BRDA:144,60,0,0
BRDA:144,60,1,0
BRDA:146,61,0,0
BRDA:146,61,1,0
BRDA:147,62,0,0
BRDA:147,62,1,0
BRDA:148,63,0,0
BRDA:148,63,1,0
BRDA:149,64,0,0
BRDA:149,64,1,0
BRDA:149,64,2,0
BRDA:150,65,0,0
BRDA:150,65,1,0
BRDA:150,65,2,0
BRDA:154,66,0,0
BRDA:154,66,1,0
BRDA:155,67,0,0
BRDA:155,67,1,0
BRDA:156,68,0,0
BRDA:156,68,1,0
BRDA:156,68,2,0
BRDA:157,69,0,0
BRDA:157,69,1,0
BRDA:158,70,0,0
BRDA:158,70,1,0
BRDA:159,71,0,0
BRDA:159,71,1,0
BRDA:160,72,0,0
BRDA:160,72,1,0
BRDA:161,73,0,0
BRDA:161,73,1,0
BRDA:161,73,2,0
BRDA:162,74,0,0
BRDA:162,74,1,0
BRDA:163,75,0,0
BRDA:163,75,1,0
BRDA:169,76,0,0
BRDA:169,76,1,0
BRDA:177,77,0,0
BRDA:177,77,1,0
BRDA:180,78,0,0
BRDA:180,78,1,0
BRDA:181,79,0,0
BRDA:181,79,1,0
BRDA:182,80,0,0
BRDA:182,80,1,0
BRDA:183,81,0,0
BRDA:183,81,1,0
BRDA:186,82,0,0
BRDA:186,82,1,0
BRDA:187,83,0,0
BRDA:187,83,1,0
BRDA:188,84,0,0
BRDA:188,84,1,0
BRDA:188,84,2,0
BRDA:200,85,0,0
BRDA:203,86,0,0
BRDA:203,86,1,0
BRDA:205,87,0,0
BRDA:205,87,1,0
BRDA:207,88,0,0
BRDA:207,88,1,0
BRDA:210,89,0,0
BRDA:210,89,1,0
BRDA:214,90,0,0
BRDA:214,90,1,0
BRDA:224,91,0,0
BRDA:224,91,1,0
BRDA:231,92,0,0
BRDA:231,92,1,0
BRDA:231,93,0,0
BRDA:231,93,1,0
BRDA:232,94,0,0
BRDA:232,94,1,0
BRDA:232,94,2,0
BRDA:233,95,0,0
BRDA:233,95,1,0
BRDA:237,96,0,0
BRDA:237,96,1,0
BRDA:238,97,0,0
BRDA:238,97,1,0
BRDA:241,98,0,0
BRDA:241,98,1,0
BRDA:245,99,0,0
BRDA:248,100,0,0
BRDA:248,100,1,0
BRDA:251,101,0,0
BRDA:251,101,1,0
BRDA:257,102,0,0
BRDA:257,102,1,0
BRDA:258,103,0,0
BRDA:258,103,1,0
BRDA:260,104,0,0
BRDA:260,104,1,0
BRDA:260,104,2,0
BRDA:261,105,0,0
BRDA:261,105,1,0
BRDA:265,106,0,0
BRDA:265,106,1,0
BRDA:266,107,0,0
BRDA:266,107,1,0
BRDA:268,108,0,0
BRDA:268,108,1,0
BRDA:270,109,0,0
BRDA:270,109,1,0
BRDA:272,110,0,0
BRDA:272,110,1,0
BRDA:273,111,0,0
BRDA:273,111,1,0
BRDA:275,112,0,0
BRDA:275,112,1,0
BRDA:276,113,0,0
BRDA:276,113,1,0
BRDA:276,113,2,0
BRDA:276,113,3,0
BRDA:282,114,0,0
BRDA:285,115,0,0
BRDA:285,115,1,0
BRDA:292,116,0,0
BRDA:292,116,1,0
BRDA:292,117,0,0
BRDA:292,117,1,0
BRDA:308,118,0,0
BRDA:308,118,1,0
BRDA:317,119,0,0
BRDA:317,119,1,0
BRDA:317,120,0,0
BRDA:317,120,1,0
BRDA:319,121,0,0
BRDA:319,121,1,0
BRDA:325,122,0,0
BRDA:325,122,1,0
BRDA:339,123,0,0
BRDA:339,123,1,0
BRDA:343,124,0,0
BRDA:343,124,1,0
BRDA:344,125,0,0
BRDA:344,125,1,0
BRDA:349,126,0,0
BRDA:349,126,1,0
BRDA:351,127,0,0
BRDA:351,127,1,0
BRDA:356,128,0,0
BRDA:356,128,1,0
BRDA:358,129,0,0
BRDA:358,129,1,0
BRF:276
BRH:0
end_of_record
