TN:
SF:src/app.js
FN:49,(anonymous_0)
FNF:1
FNH:1
FNDA:4,(anonymous_0)
DA:1,2
DA:2,2
DA:3,2
DA:4,2
DA:5,2
DA:7,2
DA:8,2
DA:9,2
DA:10,2
DA:13,2
DA:16,2
DA:19,2
DA:22,2
DA:31,2
DA:32,2
DA:33,2
DA:36,2
DA:37,0
DA:39,2
DA:43,2
DA:44,0
DA:45,0
DA:49,2
DA:50,4
DA:61,2
DA:64,2
DA:67,2
DA:69,2
LF:28
LH:25
BRDA:36,0,0,0
BRDA:36,0,1,2
BRDA:43,1,0,0
BRDA:43,1,1,2
BRF:4
BRH:2
end_of_record
TN:
SF:src/controllers/ai.controller.js
FN:17,(anonymous_0)
FN:23,(anonymous_1)
FN:31,(anonymous_2)
FN:37,(anonymous_3)
FN:45,(anonymous_4)
FN:52,(anonymous_5)
FN:63,(anonymous_6)
FN:74,(anonymous_7)
FN:83,(anonymous_8)
FN:95,(anonymous_9)
FN:104,(anonymous_10)
FN:159,(anonymous_11)
FN:178,(anonymous_12)
FN:201,(anonymous_13)
FNF:14
FNH:0
FNDA:0,(anonymous_0)
FNDA:0,(anonymous_1)
FNDA:0,(anonymous_2)
FNDA:0,(anonymous_3)
FNDA:0,(anonymous_4)
FNDA:0,(anonymous_5)
FNDA:0,(anonymous_6)
FNDA:0,(anonymous_7)
FNDA:0,(anonymous_8)
FNDA:0,(anonymous_9)
FNDA:0,(anonymous_10)
FNDA:0,(anonymous_11)
FNDA:0,(anonymous_12)
FNDA:0,(anonymous_13)
DA:6,2
DA:7,2
DA:8,2
DA:9,2
DA:10,2
DA:11,2
DA:12,2
DA:13,2
DA:17,2
DA:18,0
DA:20,0
DA:23,2
DA:24,0
DA:26,0
DA:31,2
DA:32,0
DA:34,0
DA:37,2
DA:38,0
DA:40,0
DA:45,2
DA:46,0
DA:47,0
DA:49,0
DA:52,2
DA:53,0
DA:54,0
DA:58,0
DA:63,2
DA:64,0
DA:65,0
DA:67,0
DA:68,0
DA:71,0
DA:74,2
DA:75,0
DA:76,0
DA:78,0
DA:83,2
DA:84,0
DA:86,0
DA:92,0
DA:95,2
DA:96,0
DA:97,0
DA:99,0
DA:104,2
DA:105,0
DA:106,0
DA:108,0
DA:109,0
DA:110,0
DA:112,0
DA:113,0
DA:114,0
DA:115,0
DA:118,0
DA:119,0
DA:120,0
DA:121,0
DA:124,0
DA:125,0
DA:126,0
DA:127,0
DA:130,0
DA:132,0
DA:136,0
DA:138,0
DA:156,0
DA:157,0
DA:159,0
DA:178,2
DA:179,0
DA:180,0
DA:182,0
DA:186,0
DA:190,0
DA:192,0
DA:193,0
DA:196,0
DA:201,2
DA:202,0
DA:220,0
DA:230,2
LF:84
LH:22
BRDA:47,0,0,0
BRDA:47,0,1,0
BRDA:55,1,0,0
BRDA:55,1,1,0
BRDA:67,2,0,0
BRDA:67,2,1,0
BRDA:105,3,0,0
BRDA:105,4,0,0
BRDA:112,5,0,0
BRDA:112,5,1,0
BRDA:118,6,0,0
BRDA:118,6,1,0
BRDA:124,7,0,0
BRDA:124,7,1,0
BRDA:130,8,0,0
BRDA:130,8,1,0
BRDA:182,9,0,0
BRDA:182,9,1,0
BRDA:186,10,0,0
BRDA:186,10,1,0
BRDA:192,11,0,0
BRDA:192,11,1,0
BRF:22
BRH:0
end_of_record
TN:
SF:src/controllers/attendance.controller.js
FN:14,(anonymous_0)
FN:34,(anonymous_1)
FN:44,(anonymous_2)
FN:63,(anonymous_3)
FN:80,(anonymous_4)
FN:100,(anonymous_5)
FN:121,(anonymous_6)
FN:133,(anonymous_7)
FNF:8
FNH:0
FNDA:0,(anonymous_0)
FNDA:0,(anonymous_1)
FNDA:0,(anonymous_2)
FNDA:0,(anonymous_3)
FNDA:0,(anonymous_4)
FNDA:0,(anonymous_5)
FNDA:0,(anonymous_6)
FNDA:0,(anonymous_7)
DA:6,2
DA:7,2
DA:8,2
DA:14,2
DA:15,0
DA:17,0
DA:27,0
DA:34,2
DA:35,0
DA:37,0
DA:44,2
DA:45,0
DA:48,0
DA:50,0
DA:56,0
DA:63,2
DA:64,0
DA:66,0
DA:68,0
DA:73,0
DA:80,2
DA:81,0
DA:83,0
DA:93,0
DA:100,2
DA:101,0
DA:102,0
DA:104,0
DA:105,0
DA:106,0
DA:108,0
DA:114,0
DA:121,2
DA:122,0
DA:124,0
DA:126,0
DA:133,2
DA:134,0
DA:136,0
DA:138,0
DA:141,2
LF:41
LH:12
BRDA:18,0,0,0
BRDA:18,0,1,0
BRDA:19,1,0,0
BRDA:19,1,1,0
BRDA:48,2,0,0
BRDA:48,2,1,0
BRDA:66,3,0,0
BRDA:66,3,1,0
BRDA:105,4,0,0
BRDA:105,4,1,0
BRDA:106,5,0,0
BRDA:106,5,1,0
BRF:12
BRH:0
end_of_record
TN:
SF:src/controllers/auth.controller.js
FN:15,(anonymous_0)
FN:29,(anonymous_1)
FN:61,(anonymous_2)
FN:93,(anonymous_3)
FN:109,(anonymous_4)
FN:123,(anonymous_5)
FN:133,(anonymous_6)
FNF:7
FNH:1
FNDA:0,(anonymous_0)
FNDA:1,(anonymous_1)
FNDA:0,(anonymous_2)
FNDA:0,(anonymous_3)
FNDA:0,(anonymous_4)
FNDA:0,(anonymous_5)
FNDA:0,(anonymous_6)
DA:6,2
DA:7,2
DA:8,2
DA:9,2
DA:15,2
DA:16,0
DA:18,0
DA:20,0
DA:29,2
DA:30,1
DA:31,1
DA:33,1
DA:41,0
DA:48,0
DA:61,2
DA:63,0
DA:64,0
DA:66,0
DA:73,0
DA:80,0
DA:93,2
DA:94,0
DA:95,0
DA:97,0
DA:100,0
DA:102,0
DA:109,2
DA:110,0
DA:112,0
DA:114,0
DA:116,0
DA:123,2
DA:124,0
DA:126,0
DA:133,2
DA:134,0
DA:135,0
DA:137,0
DA:145,0
DA:147,0
DA:150,2
LF:41
LH:15
BRDA:63,0,0,0
BRDA:63,0,1,0
BRDA:94,1,0,0
BRDA:94,1,1,0
BRF:4
BRH:0
end_of_record
TN:
SF:src/controllers/department.controller.js
FN:9,(anonymous_0)
FN:18,(anonymous_1)
FN:24,(anonymous_2)
FN:30,(anonymous_3)
FN:36,(anonymous_4)
FNF:5
FNH:0
FNDA:0,(anonymous_0)
FNDA:0,(anonymous_1)
FNDA:0,(anonymous_2)
FNDA:0,(anonymous_3)
FNDA:0,(anonymous_4)
DA:5,2
DA:6,2
DA:7,2
DA:9,2
DA:10,0
DA:11,0
DA:15,0
DA:18,2
DA:19,0
DA:21,0
DA:24,2
DA:25,0
DA:27,0
DA:30,2
DA:31,0
DA:33,0
DA:36,2
DA:37,0
DA:39,0
DA:42,2
LF:20
LH:9
BRF:0
BRH:0
end_of_record
TN:
SF:src/controllers/employee.controller.js
FN:14,(anonymous_0)
FN:34,(anonymous_1)
FN:44,(anonymous_2)
FN:54,(anonymous_3)
FN:64,(anonymous_4)
FN:74,(anonymous_5)
FN:84,(anonymous_6)
FNF:7
FNH:0
FNDA:0,(anonymous_0)
FNDA:0,(anonymous_1)
FNDA:0,(anonymous_2)
FNDA:0,(anonymous_3)
FNDA:0,(anonymous_4)
FNDA:0,(anonymous_5)
FNDA:0,(anonymous_6)
DA:6,2
DA:7,2
DA:8,2
DA:14,2
DA:15,0
DA:17,0
DA:27,0
DA:34,2
DA:35,0
DA:37,0
DA:44,2
DA:45,0
DA:47,0
DA:54,2
DA:55,0
DA:57,0
DA:64,2
DA:65,0
DA:67,0
DA:74,2
DA:75,0
DA:77,0
DA:84,2
DA:85,0
DA:87,0
DA:90,2
LF:26
LH:11
BRDA:18,0,0,0
BRDA:18,0,1,0
BRDA:19,1,0,0
BRDA:19,1,1,0
BRF:4
BRH:0
end_of_record
TN:
SF:src/controllers/leave.controller.js
FN:14,(anonymous_0)
FN:34,(anonymous_1)
FN:44,(anonymous_2)
FN:68,(anonymous_3)
FN:78,(anonymous_4)
FN:90,(anonymous_5)
FN:100,(anonymous_6)
FN:110,(anonymous_7)
FN:123,(anonymous_8)
FN:141,(anonymous_9)
FNF:10
FNH:0
FNDA:0,(anonymous_0)
FNDA:0,(anonymous_1)
FNDA:0,(anonymous_2)
FNDA:0,(anonymous_3)
FNDA:0,(anonymous_4)
FNDA:0,(anonymous_5)
FNDA:0,(anonymous_6)
FNDA:0,(anonymous_7)
FNDA:0,(anonymous_8)
FNDA:0,(anonymous_9)
DA:6,2
DA:7,2
DA:8,2
DA:14,2
DA:15,0
DA:17,0
DA:27,0
DA:34,2
DA:35,0
DA:37,0
DA:44,2
DA:45,0
DA:48,0
DA:50,0
DA:61,0
DA:68,2
DA:69,0
DA:71,0
DA:78,2
DA:79,0
DA:81,0
DA:83,0
DA:90,2
DA:91,0
DA:93,0
DA:100,2
DA:101,0
DA:103,0
DA:110,2
DA:111,0
DA:112,0
DA:114,0
DA:116,0
DA:123,2
DA:124,0
DA:126,0
DA:134,0
DA:141,2
DA:142,0
DA:144,0
DA:147,2
LF:41
LH:14
BRDA:18,0,0,0
BRDA:18,0,1,0
BRDA:19,1,0,0
BRDA:19,1,1,0
BRDA:48,2,0,0
BRDA:48,2,1,0
BRDA:129,3,0,0
BRDA:129,3,1,0
BRF:8
BRH:0
end_of_record
TN:
SF:src/controllers/payroll.controller.js
FN:13,(anonymous_0)
FN:29,(anonymous_1)
FN:38,(anonymous_2)
FN:53,(anonymous_3)
FN:62,(anonymous_4)
FN:71,(anonymous_5)
FN:87,(anonymous_6)
FN:96,(anonymous_7)
FN:107,(anonymous_8)
FNF:9
FNH:0
FNDA:0,(anonymous_0)
FNDA:0,(anonymous_1)
FNDA:0,(anonymous_2)
FNDA:0,(anonymous_3)
FNDA:0,(anonymous_4)
FNDA:0,(anonymous_5)
FNDA:0,(anonymous_6)
FNDA:0,(anonymous_7)
FNDA:0,(anonymous_8)
DA:5,2
DA:6,2
DA:7,2
DA:8,2
DA:13,2
DA:14,0
DA:16,0
DA:23,0
DA:29,2
DA:30,0
DA:32,0
DA:38,2
DA:39,0
DA:41,0
DA:47,0
DA:53,2
DA:54,0
DA:56,0
DA:62,2
DA:63,0
DA:65,0
DA:71,2
DA:72,0
DA:74,0
DA:81,0
DA:87,2
DA:88,0
DA:90,0
DA:96,2
DA:97,0
DA:99,0
DA:101,0
DA:107,2
DA:108,0
DA:109,0
DA:111,0
DA:113,0
DA:119,2
LF:38
LH:14
BRDA:17,0,0,0
BRDA:17,0,1,0
BRDA:18,1,0,0
BRDA:18,1,1,0
BRDA:19,2,0,0
BRDA:19,2,1,0
BRDA:77,3,0,0
BRDA:77,3,1,0
BRDA:78,4,0,0
BRDA:78,4,1,0
BRDA:114,5,0,0
BRDA:114,5,1,0
BRF:12
BRH:0
end_of_record
TN:
SF:src/controllers/settings.controller.js
FN:9,(anonymous_0)
FN:15,(anonymous_1)
FN:21,(anonymous_2)
FN:28,(anonymous_3)
FN:34,(anonymous_4)
FNF:5
FNH:0
FNDA:0,(anonymous_0)
FNDA:0,(anonymous_1)
FNDA:0,(anonymous_2)
FNDA:0,(anonymous_3)
FNDA:0,(anonymous_4)
DA:5,2
DA:6,2
DA:7,2
DA:9,2
DA:10,0
DA:12,0
DA:15,2
DA:16,0
DA:18,0
DA:21,2
DA:22,0
DA:23,0
DA:25,0
DA:28,2
DA:29,0
DA:31,0
DA:34,2
DA:35,0
DA:37,0
DA:40,2
LF:20
LH:9
BRF:0
BRH:0
end_of_record
TN:
SF:src/middleware/auth.js
FN:12,(anonymous_0)
FN:52,(anonymous_1)
FN:78,(anonymous_2)
FN:79,(anonymous_3)
FN:106,(anonymous_4)
FN:107,(anonymous_5)
FN:127,(anonymous_6)
FNF:7
FNH:3
FNDA:4,(anonymous_0)
FNDA:0,(anonymous_1)
FNDA:4,(anonymous_2)
FNDA:0,(anonymous_3)
FNDA:0,(anonymous_4)
FNDA:0,(anonymous_5)
FNDA:1,(anonymous_6)
DA:6,2
DA:7,2
DA:12,2
DA:13,4
DA:15,4
DA:17,4
DA:18,2
DA:21,2
DA:23,2
DA:24,0
DA:28,2
DA:31,1
DA:37,1
DA:39,3
DA:40,0
DA:42,3
DA:43,1
DA:45,2
DA:52,2
DA:53,0
DA:54,0
DA:56,0
DA:57,0
DA:58,0
DA:59,0
DA:60,0
DA:67,0
DA:70,0
DA:78,2
DA:79,4
DA:80,0
DA:81,0
DA:84,0
DA:85,0
DA:88,0
DA:95,2
DA:100,2
DA:106,2
DA:107,0
DA:108,0
DA:109,0
DA:112,0
DA:113,0
DA:114,0
DA:116,0
DA:117,0
DA:120,0
DA:127,2
DA:128,1
DA:134,2
LF:50
LH:25
BRDA:17,0,0,2
BRDA:17,0,1,2
BRDA:17,1,0,4
BRDA:17,1,1,2
BRDA:23,2,0,0
BRDA:23,2,1,2
BRDA:39,3,0,0
BRDA:39,3,1,3
BRDA:42,4,0,1
BRDA:42,4,1,2
BRDA:56,5,0,0
BRDA:56,5,1,0
BRDA:56,6,0,0
BRDA:56,6,1,0
BRDA:58,7,0,0
BRDA:58,7,1,0
BRDA:80,8,0,0
BRDA:80,8,1,0
BRDA:84,9,0,0
BRDA:84,9,1,0
BRDA:106,10,0,0
BRDA:108,11,0,0
BRDA:108,11,1,0
BRDA:113,12,0,0
BRDA:113,12,1,0
BRDA:116,13,0,0
BRDA:116,13,1,0
BRDA:116,14,0,0
BRDA:116,14,1,0
BRDA:129,15,0,1
BRDA:129,15,1,0
BRDA:129,15,2,0
BRDA:130,16,0,1
BRDA:130,16,1,1
BRF:34
BRH:11
end_of_record
TN:
SF:src/middleware/errorHandler.js
FN:9,(anonymous_0)
FN:38,(anonymous_1)
FN:105,(anonymous_2)
FN:115,(anonymous_3)
FN:116,(anonymous_4)
FNF:5
FNH:4
FNDA:14,(anonymous_0)
FNDA:0,(anonymous_1)
FNDA:2,(anonymous_2)
FNDA:128,(anonymous_3)
FNDA:1,(anonymous_4)
DA:1,2
DA:2,2
DA:3,2
DA:9,2
DA:11,14
DA:21,14
DA:23,14
DA:24,10
DA:29,4
DA:35,0
DA:36,0
DA:37,0
DA:38,0
DA:47,0
DA:48,0
DA:53,0
DA:54,0
DA:60,0
DA:61,0
DA:62,0
DA:63,0
DA:69,0
DA:70,0
DA:76,0
DA:77,0
DA:78,0
DA:84,0
DA:85,0
DA:91,0
DA:92,0
DA:96,0
DA:105,2
DA:106,2
DA:115,2
DA:116,128
DA:117,1
DA:121,2
LF:37
LH:15
BRDA:17,0,0,14
BRDA:17,0,1,0
BRDA:21,1,0,14
BRDA:21,1,1,0
BRDA:23,2,0,10
BRDA:23,2,1,4
BRDA:35,3,0,0
BRDA:35,3,1,0
BRDA:35,4,0,0
BRDA:35,4,1,0
BRDA:39,5,0,0
BRDA:39,5,1,0
BRDA:47,6,0,0
BRDA:47,6,1,0
BRDA:53,7,0,0
BRDA:53,7,1,0
BRDA:60,8,0,0
BRDA:60,8,1,0
BRDA:62,9,0,0
BRDA:62,9,1,0
BRDA:69,10,0,0
BRDA:69,10,1,0
BRDA:76,11,0,0
BRDA:76,11,1,0
BRDA:77,12,0,0
BRDA:77,12,1,0
BRDA:84,13,0,0
BRDA:84,13,1,0
BRDA:84,14,0,0
BRDA:84,14,1,0
BRDA:84,14,2,0
BRDA:91,15,0,0
BRDA:91,15,1,0
BRDA:92,16,0,0
BRDA:92,16,1,0
BRF:35
BRH:4
end_of_record
TN:
SF:src/middleware/rateLimiter.js
FN:14,(anonymous_0)
FN:19,(anonymous_1)
FN:35,(anonymous_2)
FN:43,(anonymous_3)
FN:60,(anonymous_4)
FN:68,(anonymous_5)
FNF:6
FNH:1
FNDA:0,(anonymous_0)
FNDA:0,(anonymous_1)
FNDA:0,(anonymous_2)
FNDA:10,(anonymous_3)
FNDA:0,(anonymous_4)
FNDA:0,(anonymous_5)
DA:1,2
DA:2,2
DA:3,2
DA:9,2
DA:15,0
DA:21,0
DA:30,2
DA:36,0
DA:44,10
DA:55,2
DA:61,0
DA:70,0
DA:71,0
DA:75,2
LF:14
LH:8
BRDA:21,0,0,0
BRDA:21,0,1,0
BRDA:44,1,0,10
BRDA:44,1,1,10
BRDA:70,2,0,0
BRDA:70,2,1,0
BRDA:71,3,0,0
BRDA:71,3,1,0
BRF:8
BRH:2
end_of_record
TN:
SF:src/middleware/validate.js
FN:12,(anonymous_0)
FN:16,(anonymous_1)
FN:93,(anonymous_2)
FNF:3
FNH:3
FNDA:11,(anonymous_0)
FNDA:14,(anonymous_1)
FNDA:42,(anonymous_2)
DA:6,2
DA:7,2
DA:12,2
DA:13,11
DA:15,11
DA:16,14
DA:21,10
DA:24,1
DA:30,2
DA:92,2
DA:94,42
DA:95,42
DA:130,2
LF:13
LH:13
BRDA:15,0,0,10
BRDA:15,0,1,1
BRDA:93,1,0,42
BRDA:94,2,0,42
BRDA:94,2,1,0
BRDA:94,3,0,0
BRDA:94,3,1,0
BRF:7
BRH:4
end_of_record
TN:
SF:src/routes/ai.routes.js
FNF:0
FNH:0
DA:5,2
DA:6,2
DA:7,2
DA:8,2
DA:10,2
DA:12,2
DA:15,2
DA:22,2
DA:30,2
DA:33,2
DA:34,2
DA:37,2
DA:38,2
DA:41,2
DA:42,2
DA:45,2
DA:46,2
DA:49,2
DA:50,2
DA:53,2
DA:54,2
DA:56,2
LF:22
LH:22
BRF:0
BRH:0
end_of_record
TN:
SF:src/routes/attendance.routes.js
FNF:0
FNH:0
DA:5,2
DA:6,2
DA:7,2
DA:8,2
DA:10,2
DA:13,2
DA:16,2
DA:47,2
DA:48,2
DA:51,2
DA:52,2
DA:55,2
DA:56,2
DA:57,2
DA:58,2
DA:60,2
LF:16
LH:16
BRF:0
BRH:0
end_of_record
TN:
SF:src/routes/auth.routes.js
FNF:0
FNH:0
DA:5,2
DA:6,2
DA:7,2
DA:8,2
DA:9,2
DA:11,2
DA:14,2
DA:15,2
DA:16,2
DA:17,2
DA:20,2
DA:22,2
DA:23,2
DA:24,2
DA:26,2
LF:15
LH:15
BRF:0
BRH:0
end_of_record
TN:
SF:src/routes/departments.routes.js
FNF:0
FNH:0
DA:5,2
DA:6,2
DA:7,2
DA:8,2
DA:10,2
DA:12,2
DA:14,2
DA:30,2
DA:31,2
DA:32,2
DA:33,2
DA:34,2
DA:36,2
LF:13
LH:13
BRF:0
BRH:0
end_of_record
TN:
SF:src/routes/employees.routes.js
FNF:0
FNH:0
DA:5,2
DA:6,2
DA:7,2
DA:8,2
DA:10,2
DA:13,2
DA:16,2
DA:46,2
DA:47,2
DA:50,2
DA:51,2
DA:52,2
DA:53,2
DA:54,2
DA:56,2
LF:15
LH:15
BRF:0
BRH:0
end_of_record
TN:
SF:src/routes/index.js
FN:16,(anonymous_0)
FNF:1
FNH:1
FNDA:2,(anonymous_0)
DA:1,2
DA:3,2
DA:6,2
DA:7,2
DA:8,2
DA:9,2
DA:10,2
DA:11,2
DA:12,2
DA:13,2
DA:16,2
DA:17,2
DA:39,2
DA:40,2
DA:41,2
DA:42,2
DA:43,2
DA:44,2
DA:45,2
DA:46,2
DA:48,2
LF:21
LH:21
BRF:0
BRH:0
end_of_record
TN:
SF:src/routes/leaves.routes.js
FNF:0
FNH:0
DA:5,2
DA:6,2
DA:7,2
DA:8,2
DA:10,2
DA:13,2
DA:16,2
DA:43,2
DA:44,2
DA:45,2
DA:48,2
DA:51,2
DA:52,2
DA:53,2
DA:56,2
DA:57,2
DA:58,2
DA:60,2
LF:18
LH:18
BRF:0
BRH:0
end_of_record
TN:
SF:src/routes/payroll.routes.js
FNF:0
FNH:0
DA:5,2
DA:6,2
DA:7,2
DA:8,2
DA:10,2
DA:12,2
DA:14,2
DA:28,2
DA:29,2
DA:32,2
DA:33,2
DA:36,2
DA:37,2
DA:38,2
DA:39,2
DA:40,2
DA:42,2
LF:17
LH:17
BRF:0
BRH:0
end_of_record
TN:
SF:src/routes/settings.routes.js
FNF:0
FNH:0
DA:5,2
DA:6,2
DA:7,2
DA:8,2
DA:10,2
DA:12,2
DA:14,2
DA:23,2
DA:24,2
DA:27,2
DA:28,2
DA:29,2
DA:31,2
LF:13
LH:13
BRF:0
BRH:0
end_of_record
TN:
SF:src/services/attendance.service.js
FN:13,(anonymous_0)
FN:90,(anonymous_1)
FN:116,(anonymous_2)
FN:159,(anonymous_3)
FN:192,(anonymous_4)
FN:225,(anonymous_5)
FN:258,(anonymous_6)
FN:292,(anonymous_7)
FNF:8
FNH:0
FNDA:0,(anonymous_0)
FNDA:0,(anonymous_1)
FNDA:0,(anonymous_2)
FNDA:0,(anonymous_3)
FNDA:0,(anonymous_4)
FNDA:0,(anonymous_5)
FNDA:0,(anonymous_6)
FNDA:0,(anonymous_7)
DA:6,2
DA:7,2
DA:8,2
DA:13,2
DA:14,0
DA:15,0
DA:16,0
DA:17,0
DA:19,0
DA:20,0
DA:21,0
DA:22,0
DA:25,0
DA:26,0
DA:27,0
DA:28,0
DA:30,0
DA:31,0
DA:32,0
DA:33,0
DA:35,0
DA:36,0
DA:37,0
DA:38,0
DA:42,0
DA:43,0
DA:44,0
DA:45,0
DA:48,0
DA:51,0
DA:55,0
DA:58,0
DA:73,0
DA:74,0
DA:76,0
DA:90,2
DA:91,0
DA:104,0
DA:106,0
DA:107,0
DA:110,0
DA:116,2
DA:117,0
DA:120,0
DA:125,0
DA:126,0
DA:129,0
DA:130,0
DA:131,0
DA:133,0
DA:135,0
DA:142,0
DA:146,0
DA:153,0
DA:159,2
DA:160,0
DA:163,0
DA:168,0
DA:169,0
DA:172,0
DA:173,0
DA:176,0
DA:178,0
DA:186,0
DA:192,2
DA:194,0
DA:199,0
DA:201,0
DA:208,0
DA:212,0
DA:219,0
DA:225,2
DA:226,0
DA:241,0
DA:242,0
DA:244,0
DA:258,2
DA:259,0
DA:261,0
DA:273,0
DA:274,0
DA:276,0
DA:292,2
DA:293,0
DA:295,0
DA:296,0
DA:298,0
DA:299,0
DA:300,0
DA:304,0
DA:307,0
DA:308,0
DA:310,0
DA:311,0
DA:313,0
DA:317,2
LF:96
LH:12
BRDA:13,0,0,0
BRDA:13,1,0,0
BRDA:19,2,0,0
BRDA:19,2,1,0
BRDA:25,3,0,0
BRDA:25,3,1,0
BRDA:30,4,0,0
BRDA:30,4,1,0
BRDA:35,5,0,0
BRDA:35,5,1,0
BRDA:42,6,0,0
BRDA:42,6,1,0
BRDA:48,7,0,0
BRDA:48,7,1,0
BRDA:106,8,0,0
BRDA:106,8,1,0
BRDA:125,9,0,0
BRDA:125,9,1,0
BRDA:125,10,0,0
BRDA:125,10,1,0
BRDA:131,11,0,0
BRDA:131,11,1,0
BRDA:133,12,0,0
BRDA:133,12,1,0
BRDA:168,13,0,0
BRDA:168,13,1,0
BRDA:168,14,0,0
BRDA:168,14,1,0
BRDA:172,15,0,0
BRDA:172,15,1,0
BRDA:199,16,0,0
BRDA:199,16,1,0
BRDA:245,17,0,0
BRDA:245,17,1,0
BRDA:246,18,0,0
BRDA:246,18,1,0
BRDA:247,19,0,0
BRDA:247,19,1,0
BRDA:248,20,0,0
BRDA:248,20,1,0
BRDA:249,21,0,0
BRDA:249,21,1,0
BRDA:250,22,0,0
BRDA:250,22,1,0
BRDA:251,23,0,0
BRDA:251,23,1,0
BRDA:259,24,0,0
BRDA:259,24,1,0
BRDA:283,25,0,0
BRDA:283,25,1,0
BRF:50
BRH:0
end_of_record
TN:
SF:src/services/auth.service.js
FN:17,(anonymous_0)
FN:45,(anonymous_1)
FN:108,(anonymous_2)
FN:185,(anonymous_3)
FN:207,(anonymous_4)
FN:221,(anonymous_5)
FN:262,(anonymous_6)
FN:296,(anonymous_7)
FN:307,(anonymous_8)
FN:316,(anonymous_9)
FNF:10
FNH:2
FNDA:0,(anonymous_0)
FNDA:1,(anonymous_1)
FNDA:0,(anonymous_2)
FNDA:0,(anonymous_3)
FNDA:0,(anonymous_4)
FNDA:0,(anonymous_5)
FNDA:0,(anonymous_6)
FNDA:0,(anonymous_7)
FNDA:0,(anonymous_8)
FNDA:1,(anonymous_9)
DA:6,2
DA:7,2
DA:8,2
DA:9,2
DA:10,2
DA:12,2
DA:17,2
DA:19,0
DA:24,0
DA:25,0
DA:29,0
DA:32,0
DA:39,0
DA:45,2
DA:47,1
DA:52,1
DA:54,1
DA:55,1
DA:56,1
DA:59,0
DA:60,0
DA:61,0
DA:65,0
DA:67,0
DA:68,0
DA:69,0
DA:73,0
DA:74,0
DA:77,0
DA:86,0
DA:92,0
DA:94,0
DA:108,2
DA:109,0
DA:112,0
DA:120,0
DA:122,0
DA:123,0
DA:127,0
DA:129,0
DA:130,0
DA:134,0
DA:138,0
DA:139,0
DA:143,0
DA:144,0
DA:148,0
DA:155,0
DA:161,0
DA:164,0
DA:174,0
DA:176,0
DA:185,2
DA:186,0
DA:188,0
DA:190,0
DA:195,0
DA:196,0
DA:199,0
DA:200,0
DA:207,2
DA:208,0
DA:215,0
DA:221,2
DA:223,0
DA:228,0
DA:229,0
DA:233,0
DA:235,0
DA:236,0
DA:240,0
DA:243,0
DA:249,0
DA:256,0
DA:262,2
DA:263,0
DA:272,0
DA:273,0
DA:276,0
DA:278,0
DA:296,2
DA:297,0
DA:298,0
DA:300,0
DA:307,2
DA:308,0
DA:316,2
DA:317,1
DA:324,2
LF:89
LH:23
BRDA:17,0,0,0
BRDA:24,1,0,0
BRDA:24,1,1,0
BRDA:54,2,0,1
BRDA:54,2,1,0
BRDA:59,3,0,0
BRDA:59,3,1,0
BRDA:67,4,0,0
BRDA:67,4,1,0
BRDA:122,5,0,0
BRDA:122,5,1,0
BRDA:127,6,0,0
BRDA:127,6,1,0
BRDA:138,7,0,0
BRDA:138,7,1,0
BRDA:143,8,0,0
BRDA:143,8,1,0
BRDA:186,9,0,0
BRDA:186,9,1,0
BRDA:195,10,0,0
BRDA:195,10,1,0
BRDA:228,11,0,0
BRDA:228,11,1,0
BRDA:235,12,0,0
BRDA:235,12,1,0
BRDA:272,13,0,0
BRDA:272,13,1,0
BRDA:285,14,0,0
BRDA:285,14,1,0
BRDA:296,15,0,0
BRDA:316,16,0,0
BRDA:320,17,0,1
BRDA:320,17,1,0
BRF:33
BRH:2
end_of_record
TN:
SF:src/services/department.service.js
FN:12,(anonymous_0)
FN:19,(anonymous_1)
FN:32,(anonymous_2)
FN:56,(anonymous_3)
FN:70,(anonymous_4)
FN:112,(anonymous_5)
FNF:6
FNH:0
FNDA:0,(anonymous_0)
FNDA:0,(anonymous_1)
FNDA:0,(anonymous_2)
FNDA:0,(anonymous_3)
FNDA:0,(anonymous_4)
FNDA:0,(anonymous_5)
DA:6,2
DA:7,2
DA:12,2
DA:13,0
DA:17,0
DA:19,0
DA:32,2
DA:33,0
DA:38,0
DA:39,0
DA:42,0
DA:43,0
DA:56,2
DA:57,0
DA:64,0
DA:70,2
DA:71,0
DA:72,0
DA:73,0
DA:75,0
DA:76,0
DA:77,0
DA:78,0
DA:80,0
DA:81,0
DA:82,0
DA:83,0
DA:85,0
DA:86,0
DA:87,0
DA:88,0
DA:90,0
DA:91,0
DA:92,0
DA:93,0
DA:96,0
DA:97,0
DA:100,0
DA:101,0
DA:106,0
DA:112,2
DA:113,0
DA:118,0
DA:119,0
DA:122,0
DA:125,2
LF:46
LH:8
BRDA:12,0,0,0
BRDA:12,1,0,0
BRDA:13,2,0,0
BRDA:13,2,1,0
BRDA:38,3,0,0
BRDA:38,3,1,0
BRDA:75,4,0,0
BRDA:75,4,1,0
BRDA:80,5,0,0
BRDA:80,5,1,0
BRDA:85,6,0,0
BRDA:85,6,1,0
BRDA:90,7,0,0
BRDA:90,7,1,0
BRDA:96,8,0,0
BRDA:96,8,1,0
BRDA:118,9,0,0
BRDA:118,9,1,0
BRF:18
BRH:0
end_of_record
TN:
SF:src/services/employee.service.js
FN:13,(anonymous_0)
FN:89,(anonymous_1)
FN:128,(anonymous_2)
FN:232,(anonymous_3)
FN:298,(anonymous_4)
FN:315,(anonymous_5)
FN:341,(anonymous_6)
FN:357,(anonymous_7)
FNF:8
FNH:0
FNDA:0,(anonymous_0)
FNDA:0,(anonymous_1)
FNDA:0,(anonymous_2)
FNDA:0,(anonymous_3)
FNDA:0,(anonymous_4)
FNDA:0,(anonymous_5)
FNDA:0,(anonymous_6)
FNDA:0,(anonymous_7)
DA:6,2
DA:7,2
DA:8,2
DA:13,2
DA:14,0
DA:15,0
DA:16,0
DA:19,0
DA:21,0
DA:22,0
DA:28,0
DA:29,0
DA:32,0
DA:33,0
DA:34,0
DA:35,0
DA:38,0
DA:39,0
DA:40,0
DA:41,0
DA:44,0
DA:47,0
DA:48,0
DA:49,0
DA:52,0
DA:53,0
DA:54,0
DA:57,0
DA:72,0
DA:73,0
DA:75,0
DA:89,2
DA:90,0
DA:116,0
DA:118,0
DA:119,0
DA:122,0
DA:128,2
DA:129,0
DA:131,0
DA:132,0
DA:135,0
DA:136,0
DA:137,0
DA:140,0
DA:153,0
DA:179,0
DA:180,0
DA:183,0
DA:184,0
DA:192,0
DA:200,0
DA:201,0
DA:203,0
DA:217,0
DA:220,0
DA:222,0
DA:223,0
DA:225,0
DA:232,2
DA:234,0
DA:235,0
DA:236,0
DA:240,0
DA:241,0
DA:242,0
DA:244,0
DA:270,0
DA:271,0
DA:272,0
DA:273,0
DA:274,0
DA:278,0
DA:279,0
DA:282,0
DA:283,0
DA:290,0
DA:292,0
DA:298,2
DA:299,0
DA:305,0
DA:306,0
DA:309,0
DA:315,2
DA:316,0
DA:326,0
DA:327,0
DA:329,0
DA:341,2
DA:342,0
DA:355,0
DA:357,0
DA:365,2
LF:93
LH:11
BRDA:13,0,0,0
BRDA:13,1,0,0
BRDA:13,2,0,0
BRDA:13,3,0,0
BRDA:21,4,0,0
BRDA:21,4,1,0
BRDA:32,5,0,0
BRDA:32,5,1,0
BRDA:38,6,0,0
BRDA:38,6,1,0
BRDA:44,7,0,0
BRDA:44,7,1,0
BRDA:48,8,0,0
BRDA:48,8,1,0
BRDA:49,9,0,0
BRDA:49,9,1,0
BRDA:118,10,0,0
BRDA:118,10,1,0
BRDA:158,11,0,0
BRDA:158,11,1,0
BRDA:159,12,0,0
BRDA:159,12,1,0
BRDA:160,13,0,0
BRDA:160,13,1,0
BRDA:161,14,0,0
BRDA:161,14,1,0
BRDA:162,15,0,0
BRDA:162,15,1,0
BRDA:163,16,0,0
BRDA:163,16,1,0
BRDA:164,17,0,0
BRDA:164,17,1,0
BRDA:165,18,0,0
BRDA:165,18,1,0
BRDA:166,19,0,0
BRDA:166,19,1,0
BRDA:167,20,0,0
BRDA:167,20,1,0
BRDA:169,21,0,0
BRDA:169,21,1,0
BRDA:170,22,0,0
BRDA:170,22,1,0
BRDA:171,23,0,0
BRDA:171,23,1,0
BRDA:172,24,0,0
BRDA:172,24,1,0
BRDA:173,25,0,0
BRDA:173,25,1,0
BRDA:174,26,0,0
BRDA:174,26,1,0
BRDA:175,27,0,0
BRDA:175,27,1,0
BRDA:176,28,0,0
BRDA:176,28,1,0
BRDA:183,29,0,0
BRDA:183,29,1,0
BRDA:192,30,0,0
BRDA:192,30,1,0
BRDA:193,31,0,0
BRDA:193,31,1,0
BRDA:194,32,0,0
BRDA:194,32,1,0
BRDA:195,33,0,0
BRDA:195,33,1,0
BRDA:196,34,0,0
BRDA:196,34,1,0
BRDA:197,35,0,0
BRDA:197,35,1,0
BRDA:206,36,0,0
BRDA:206,36,1,0
BRDA:207,37,0,0
BRDA:207,37,1,0
BRDA:208,38,0,0
BRDA:208,38,1,0
BRDA:209,39,0,0
BRDA:209,39,1,0
BRDA:210,40,0,0
BRDA:210,40,1,0
BRDA:235,41,0,0
BRDA:235,41,1,0
BRDA:271,42,0,0
BRDA:271,42,1,0
BRDA:278,43,0,0
BRDA:278,43,1,0
BRDA:305,44,0,0
BRDA:305,44,1,0
BRF:86
BRH:0
end_of_record
TN:
SF:src/services/leave.service.js
FN:13,(anonymous_0)
FN:97,(anonymous_1)
FN:129,(anonymous_2)
FN:201,(anonymous_3)
FN:228,(anonymous_4)
FN:255,(anonymous_5)
FN:280,(anonymous_6)
FN:285,(anonymous_7)
FN:300,(anonymous_8)
FN:322,(anonymous_9)
FN:336,(anonymous_10)
FN:364,(anonymous_11)
FNF:12
FNH:0
FNDA:0,(anonymous_0)
FNDA:0,(anonymous_1)
FNDA:0,(anonymous_2)
FNDA:0,(anonymous_3)
FNDA:0,(anonymous_4)
FNDA:0,(anonymous_5)
FNDA:0,(anonymous_6)
FNDA:0,(anonymous_7)
FNDA:0,(anonymous_8)
FNDA:0,(anonymous_9)
FNDA:0,(anonymous_10)
FNDA:0,(anonymous_11)
DA:6,2
DA:7,2
DA:8,2
DA:13,2
DA:14,0
DA:15,0
DA:16,0
DA:17,0
DA:19,0
DA:20,0
DA:21,0
DA:22,0
DA:25,0
DA:26,0
DA:27,0
DA:28,0
DA:31,0
DA:32,0
DA:33,0
DA:34,0
DA:37,0
DA:38,0
DA:39,0
DA:40,0
DA:43,0
DA:44,0
DA:45,0
DA:46,0
DA:49,0
DA:52,0
DA:56,0
DA:59,0
DA:80,0
DA:81,0
DA:83,0
DA:97,2
DA:98,0
DA:117,0
DA:119,0
DA:120,0
DA:123,0
DA:129,2
DA:131,0
DA:132,0
DA:134,0
DA:135,0
DA:139,0
DA:140,0
DA:141,0
DA:142,0
DA:143,0
DA:144,0
DA:146,0
DA:149,0
DA:150,0
DA:154,0
DA:155,0
DA:161,0
DA:162,0
DA:165,0
DA:166,0
DA:167,0
DA:171,0
DA:181,0
DA:182,0
DA:186,0
DA:195,0
DA:201,2
DA:202,0
DA:207,0
DA:208,0
DA:211,0
DA:212,0
DA:215,0
DA:222,0
DA:228,2
DA:229,0
DA:234,0
DA:235,0
DA:238,0
DA:239,0
DA:242,0
DA:249,0
DA:255,2
DA:256,0
DA:261,0
DA:262,0
DA:265,0
DA:266,0
DA:269,0
DA:274,0
DA:280,2
DA:281,0
DA:285,0
DA:300,2
DA:301,0
DA:303,0
DA:320,0
DA:322,0
DA:336,2
DA:337,0
DA:343,0
DA:344,0
DA:351,0
DA:358,0
DA:364,2
DA:365,0
DA:369,0
DA:372,2
LF:109
LH:14
BRDA:13,0,0,0
BRDA:13,1,0,0
BRDA:19,2,0,0
BRDA:19,2,1,0
BRDA:25,3,0,0
BRDA:25,3,1,0
BRDA:31,4,0,0
BRDA:31,4,1,0
BRDA:37,5,0,0
BRDA:37,5,1,0
BRDA:43,6,0,0
BRDA:43,6,1,0
BRDA:49,7,0,0
BRDA:49,7,1,0
BRDA:119,8,0,0
BRDA:119,8,1,0
BRDA:134,9,0,0
BRDA:134,9,1,0
BRDA:143,10,0,0
BRDA:143,10,1,0
BRDA:143,11,0,0
BRDA:143,11,1,0
BRDA:149,12,0,0
BRDA:149,12,1,0
BRDA:161,13,0,0
BRDA:161,13,1,0
BRDA:166,14,0,0
BRDA:166,14,1,0
BRDA:181,15,0,0
BRDA:181,15,1,0
BRDA:192,16,0,0
BRDA:192,16,1,0
BRDA:207,17,0,0
BRDA:207,17,1,0
BRDA:211,18,0,0
BRDA:211,18,1,0
BRDA:234,19,0,0
BRDA:234,19,1,0
BRDA:238,20,0,0
BRDA:238,20,1,0
BRDA:261,21,0,0
BRDA:261,21,1,0
BRDA:265,22,0,0
BRDA:265,22,1,0
BRDA:301,23,0,0
BRDA:301,23,1,0
BRDA:336,24,0,0
BRDA:343,25,0,0
BRDA:343,25,1,0
BRF:49
BRH:0
end_of_record
TN:
SF:src/services/payroll.service.js
FN:13,(anonymous_0)
FN:63,(anonymous_1)
FN:85,(anonymous_2)
FN:116,(anonymous_3)
FN:262,(anonymous_4)
FN:294,(anonymous_5)
FN:344,(anonymous_6)
FN:365,(anonymous_7)
FN:374,(anonymous_8)
FN:392,(anonymous_9)
FN:414,(anonymous_10)
FN:434,(anonymous_11)
FNF:12
FNH:0
FNDA:0,(anonymous_0)
FNDA:0,(anonymous_1)
FNDA:0,(anonymous_2)
FNDA:0,(anonymous_3)
FNDA:0,(anonymous_4)
FNDA:0,(anonymous_5)
FNDA:0,(anonymous_6)
FNDA:0,(anonymous_7)
FNDA:0,(anonymous_8)
FNDA:0,(anonymous_9)
FNDA:0,(anonymous_10)
FNDA:0,(anonymous_11)
DA:6,2
DA:7,2
DA:8,2
DA:13,2
DA:14,0
DA:15,0
DA:16,0
DA:17,0
DA:19,0
DA:20,0
DA:21,0
DA:22,0
DA:25,0
DA:26,0
DA:27,0
DA:28,0
DA:31,0
DA:33,0
DA:37,0
DA:39,0
DA:51,0
DA:52,0
DA:54,0
DA:63,2
DA:64,0
DA:75,0
DA:76,0
DA:79,0
DA:85,2
DA:87,0
DA:92,0
DA:93,0
DA:94,0
DA:96,0
DA:100,0
DA:101,0
DA:103,0
DA:110,0
DA:116,2
DA:117,0
DA:119,0
DA:120,0
DA:123,0
DA:128,0
DA:129,0
DA:132,0
DA:134,0
DA:135,0
DA:139,0
DA:145,0
DA:164,0
DA:167,0
DA:168,0
DA:170,0
DA:171,0
DA:172,0
DA:173,0
DA:176,0
DA:179,0
DA:180,0
DA:181,0
DA:184,0
DA:187,0
DA:193,0
DA:194,0
DA:196,0
DA:197,0
DA:200,0
DA:227,0
DA:228,0
DA:229,0
DA:230,0
DA:234,0
DA:248,0
DA:250,0
DA:252,0
DA:253,0
DA:255,0
DA:262,2
DA:263,0
DA:268,0
DA:269,0
DA:272,0
DA:273,0
DA:276,0
DA:283,0
DA:288,0
DA:294,2
DA:295,0
DA:296,0
DA:297,0
DA:298,0
DA:300,0
DA:301,0
DA:302,0
DA:303,0
DA:306,0
DA:307,0
DA:308,0
DA:309,0
DA:312,0
DA:314,0
DA:318,0
DA:320,0
DA:332,0
DA:333,0
DA:335,0
DA:344,2
DA:345,0
DA:356,0
DA:357,0
DA:360,0
DA:365,2
DA:366,0
DA:367,0
DA:370,0
DA:374,0
DA:376,0
DA:377,0
DA:379,0
DA:380,0
DA:381,0
DA:383,0
DA:384,0
DA:386,0
DA:389,0
DA:392,2
DA:393,0
DA:405,0
DA:406,0
DA:414,2
DA:434,2
DA:479,2
LF:133
LH:15
BRDA:13,0,0,0
BRDA:13,1,0,0
BRDA:19,2,0,0
BRDA:19,2,1,0
BRDA:25,3,0,0
BRDA:25,3,1,0
BRDA:31,4,0,0
BRDA:31,4,1,0
BRDA:75,5,0,0
BRDA:75,5,1,0
BRDA:92,6,0,0
BRDA:92,6,1,0
BRDA:93,7,0,0
BRDA:93,7,1,0
BRDA:128,8,0,0
BRDA:128,8,1,0
BRDA:134,9,0,0
BRDA:134,9,1,0
BRDA:188,10,0,0
BRDA:188,10,1,0
BRDA:189,11,0,0
BRDA:189,11,1,0
BRDA:268,12,0,0
BRDA:268,12,1,0
BRDA:272,13,0,0
BRDA:272,13,1,0
BRDA:294,14,0,0
BRDA:294,15,0,0
BRDA:300,16,0,0
BRDA:300,16,1,0
BRDA:306,17,0,0
BRDA:306,17,1,0
BRDA:312,18,0,0
BRDA:312,18,1,0
BRDA:356,19,0,0
BRDA:356,19,1,0
BRDA:383,20,0,0
BRDA:383,20,1,0
BRDA:383,21,0,0
BRDA:383,21,1,0
BRDA:383,21,2,0
BRDA:407,22,0,0
BRDA:407,22,1,0
BRDA:408,23,0,0
BRDA:408,23,1,0
BRDA:409,24,0,0
BRDA:409,24,1,0
BRDA:410,25,0,0
BRDA:410,25,1,0
BRDA:422,26,0,0
BRDA:422,26,1,0
BRDA:423,27,0,0
BRDA:423,27,1,0
BRDA:424,28,0,0
BRDA:424,28,1,0
BRDA:425,29,0,0
BRDA:425,29,1,0
BRDA:439,30,0,0
BRDA:439,30,1,0
BRDA:447,31,0,0
BRDA:447,31,1,0
BRDA:448,32,0,0
BRDA:448,32,1,0
BRDA:456,33,0,0
BRDA:456,33,1,0
BRDA:457,34,0,0
BRDA:457,34,1,0
BRF:67
BRH:0
end_of_record
TN:
SF:src/services/settings.service.js
FN:51,(anonymous_0)
FN:80,(anonymous_1)
FN:106,(anonymous_2)
FN:125,(anonymous_3)
FN:140,(anonymous_4)
FN:148,(anonymous_5)
FN:160,(anonymous_6)
FN:175,(anonymous_7)
FN:180,(anonymous_8)
FNF:9
FNH:0
FNDA:0,(anonymous_0)
FNDA:0,(anonymous_1)
FNDA:0,(anonymous_2)
FNDA:0,(anonymous_3)
FNDA:0,(anonymous_4)
FNDA:0,(anonymous_5)
FNDA:0,(anonymous_6)
FNDA:0,(anonymous_7)
FNDA:0,(anonymous_8)
DA:6,2
DA:9,2
DA:51,2
DA:52,0
DA:54,0
DA:56,0
DA:57,0
DA:58,0
DA:60,0
DA:61,0
DA:62,0
DA:64,0
DA:67,0
DA:68,0
DA:70,0
DA:74,0
DA:80,2
DA:81,0
DA:86,0
DA:88,0
DA:89,0
DA:90,0
DA:91,0
DA:93,0
DA:96,0
DA:97,0
DA:99,0
DA:106,2
DA:107,0
DA:109,0
DA:110,0
DA:112,0
DA:119,0
DA:125,2
DA:126,0
DA:128,0
DA:134,0
DA:140,2
DA:141,0
DA:143,0
DA:148,0
DA:160,2
DA:161,0
DA:163,0
DA:169,0
DA:175,2
DA:176,0
DA:180,2
DA:181,0
DA:183,0
DA:184,0
DA:186,0
DA:187,0
DA:189,0
DA:193,0
DA:196,2
LF:56
LH:11
BRDA:61,0,0,0
BRDA:61,0,1,0
BRDA:86,1,0,0
BRDA:86,1,1,0
BRDA:110,2,0,0
BRDA:110,2,1,0
BRDA:126,3,0,0
BRDA:126,3,1,0
BRDA:141,4,0,0
BRDA:141,4,1,0
BRDA:167,5,0,0
BRDA:167,5,1,0
BRDA:180,6,0,0
BRDA:184,7,0,0
BRDA:184,7,1,0
BRDA:186,8,0,0
BRDA:186,8,1,0
BRDA:186,9,0,0
BRDA:186,9,1,0
BRDA:186,9,2,0
BRF:20
BRH:0
end_of_record
TN:
SF:src/services/ai/chatbot.service.js
FN:50,(anonymous_0)
FN:90,(anonymous_1)
FN:94,(anonymous_2)
FN:114,(anonymous_3)
FN:138,handleSalaryQuery
FN:154,handleLeaveQuery
FN:174,(anonymous_6)
FN:185,handleAttendanceQuery
FN:214,handleTaxQuery
FN:223,handlePayslipQuery
FN:248,handlePolicyQuery
FN:255,handleGreeting
FN:265,handleHelp
FN:272,handleUnknown
FN:281,getTimeBasedGreeting
FN:288,getDefaultSuggestions
FN:292,saveMessage
FN:302,(anonymous_17)
FN:310,(anonymous_18)
FNF:19
FNH:0
FNDA:0,(anonymous_0)
FNDA:0,(anonymous_1)
FNDA:0,(anonymous_2)
FNDA:0,(anonymous_3)
FNDA:0,handleSalaryQuery
FNDA:0,handleLeaveQuery
FNDA:0,(anonymous_6)
FNDA:0,handleAttendanceQuery
FNDA:0,handleTaxQuery
FNDA:0,handlePayslipQuery
FNDA:0,handlePolicyQuery
FNDA:0,handleGreeting
FNDA:0,handleHelp
FNDA:0,handleUnknown
FNDA:0,getTimeBasedGreeting
FNDA:0,getDefaultSuggestions
FNDA:0,saveMessage
FNDA:0,(anonymous_17)
FNDA:0,(anonymous_18)
DA:6,2
DA:7,2
DA:12,2
DA:50,2
DA:51,0
DA:54,0
DA:55,0
DA:56,0
DA:60,0
DA:64,0
DA:67,0
DA:70,0
DA:73,0
DA:74,0
DA:76,0
DA:90,2
DA:91,0
DA:93,0
DA:94,0
DA:95,0
DA:96,0
DA:104,0
DA:114,2
DA:115,0
DA:133,0
DA:139,0
DA:140,0
DA:145,0
DA:147,0
DA:155,0
DA:156,0
DA:159,0
DA:174,0
DA:175,0
DA:178,0
DA:186,0
DA:187,0
DA:190,0
DA:191,0
DA:193,0
DA:205,0
DA:207,0
DA:215,0
DA:217,0
DA:224,0
DA:225,0
DA:228,0
DA:236,0
DA:237,0
DA:240,0
DA:241,0
DA:249,0
DA:256,0
DA:257,0
DA:259,0
DA:266,0
DA:273,0
DA:282,0
DA:283,0
DA:284,0
DA:285,0
DA:289,0
DA:293,0
DA:302,2
DA:303,0
DA:310,0
DA:317,2
LF:67
LH:8
BRDA:55,0,0,0
BRDA:55,0,1,0
BRDA:79,1,0,0
BRDA:79,1,1,0
BRDA:82,2,0,0
BRDA:82,2,1,0
BRDA:95,3,0,0
BRDA:95,3,1,0
BRDA:133,4,0,0
BRDA:133,4,1,0
BRDA:139,5,0,0
BRDA:139,5,1,0
BRDA:145,6,0,0
BRDA:145,6,1,0
BRDA:155,7,0,0
BRDA:155,7,1,0
BRDA:186,8,0,0
BRDA:186,8,1,0
BRDA:208,9,0,0
BRDA:208,9,1,0
BRDA:208,10,0,0
BRDA:208,10,1,0
BRDA:208,11,0,0
BRDA:208,11,1,0
BRDA:208,12,0,0
BRDA:208,12,1,0
BRDA:224,13,0,0
BRDA:224,13,1,0
BRDA:236,14,0,0
BRDA:236,14,1,0
BRDA:256,15,0,0
BRDA:256,15,1,0
BRDA:283,16,0,0
BRDA:283,16,1,0
BRDA:284,17,0,0
BRDA:284,17,1,0
BRF:36
BRH:0
end_of_record
TN:
SF:src/services/ai/fraudDetection.service.js
FN:41,(anonymous_0)
FN:67,(anonymous_1)
FN:68,(anonymous_2)
FN:69,(anonymous_3)
FN:77,(anonymous_4)
FN:89,(anonymous_5)
FN:107,(anonymous_6)
FN:130,(anonymous_7)
FN:149,(anonymous_8)
FN:165,(anonymous_9)
FN:184,(anonymous_10)
FN:202,(anonymous_11)
FN:220,(anonymous_12)
FN:240,(anonymous_13)
FNF:14
FNH:0
FNDA:0,(anonymous_0)
FNDA:0,(anonymous_1)
FNDA:0,(anonymous_2)
FNDA:0,(anonymous_3)
FNDA:0,(anonymous_4)
FNDA:0,(anonymous_5)
FNDA:0,(anonymous_6)
FNDA:0,(anonymous_7)
FNDA:0,(anonymous_8)
FNDA:0,(anonymous_9)
FNDA:0,(anonymous_10)
FNDA:0,(anonymous_11)
FNDA:0,(anonymous_12)
FNDA:0,(anonymous_13)
DA:7,2
DA:12,2
DA:41,2
DA:42,0
DA:45,0
DA:46,0
DA:49,0
DA:50,0
DA:53,0
DA:54,0
DA:57,0
DA:58,0
DA:61,0
DA:62,0
DA:65,0
DA:67,0
DA:68,0
DA:69,0
DA:77,2
DA:78,0
DA:89,0
DA:107,2
DA:108,0
DA:130,0
DA:149,2
DA:150,0
DA:165,0
DA:184,2
DA:185,0
DA:186,0
DA:188,0
DA:202,0
DA:220,2
DA:221,0
DA:240,2
DA:241,0
DA:254,0
DA:257,2
LF:38
LH:10
BRDA:175,0,0,0
BRDA:175,0,1,0
BRDA:177,1,0,0
BRDA:177,1,1,0
BRDA:228,2,0,0
BRDA:228,2,1,0
BRF:6
BRH:0
end_of_record
TN:
SF:src/services/ai/payrollForecast.service.js
FN:11,(anonymous_0)
FN:63,(anonymous_1)
FN:77,(anonymous_2)
FN:88,(anonymous_3)
FN:109,(anonymous_4)
FN:141,(anonymous_5)
FN:145,(anonymous_6)
FN:149,(anonymous_7)
FN:163,(anonymous_8)
FN:185,(anonymous_9)
FN:200,(anonymous_10)
FN:203,(anonymous_11)
FNF:12
FNH:0
FNDA:0,(anonymous_0)
FNDA:0,(anonymous_1)
FNDA:0,(anonymous_2)
FNDA:0,(anonymous_3)
FNDA:0,(anonymous_4)
FNDA:0,(anonymous_5)
FNDA:0,(anonymous_6)
FNDA:0,(anonymous_7)
FNDA:0,(anonymous_8)
FNDA:0,(anonymous_9)
FNDA:0,(anonymous_10)
FNDA:0,(anonymous_11)
DA:6,2
DA:11,2
DA:13,0
DA:15,0
DA:16,0
DA:24,0
DA:27,0
DA:28,0
DA:29,0
DA:30,0
DA:32,0
DA:33,0
DA:34,0
DA:35,0
DA:38,0
DA:39,0
DA:40,0
DA:43,0
DA:44,0
DA:46,0
DA:58,0
DA:59,0
DA:63,0
DA:64,0
DA:66,0
DA:77,0
DA:88,2
DA:89,0
DA:103,0
DA:109,2
DA:110,0
DA:111,0
DA:119,0
DA:120,0
DA:122,0
DA:123,0
DA:124,0
DA:126,0
DA:127,0
DA:128,0
DA:129,0
DA:131,0
DA:132,0
DA:134,0
DA:135,0
DA:140,0
DA:141,0
DA:144,0
DA:145,0
DA:149,0
DA:151,0
DA:163,2
DA:164,0
DA:179,0
DA:185,2
DA:186,0
DA:199,0
DA:200,0
DA:203,0
DA:215,2
LF:60
LH:7
BRDA:11,0,0,0
BRDA:15,1,0,0
BRDA:15,1,1,0
BRDA:88,2,0,0
BRDA:110,3,0,0
BRDA:110,3,1,0
BRDA:114,4,0,0
BRDA:114,4,1,0
BRDA:131,5,0,0
BRDA:131,5,1,0
BRDA:134,6,0,0
BRDA:134,6,1,0
BRDA:140,7,0,0
BRDA:140,7,1,0
BRDA:144,8,0,0
BRDA:144,8,1,0
BRDA:179,9,0,0
BRDA:179,9,1,0
BRDA:199,10,0,0
BRDA:199,10,1,0
BRDA:208,11,0,0
BRDA:208,11,1,0
BRF:22
BRH:0
end_of_record
TN:
SF:src/services/ai/salaryAnomaly.service.js
FN:12,(anonymous_0)
FN:46,(anonymous_1)
FN:77,(anonymous_2)
FN:98,(anonymous_3)
FN:131,(anonymous_4)
FN:155,(anonymous_5)
FN:173,(anonymous_6)
FN:195,(anonymous_7)
FN:212,(anonymous_8)
FN:222,(anonymous_9)
FNF:10
FNH:0
FNDA:0,(anonymous_0)
FNDA:0,(anonymous_1)
FNDA:0,(anonymous_2)
FNDA:0,(anonymous_3)
FNDA:0,(anonymous_4)
FNDA:0,(anonymous_5)
FNDA:0,(anonymous_6)
FNDA:0,(anonymous_7)
FNDA:0,(anonymous_8)
FNDA:0,(anonymous_9)
DA:6,2
DA:12,2
DA:13,0
DA:16,0
DA:17,0
DA:20,0
DA:21,0
DA:24,0
DA:25,0
DA:28,0
DA:29,0
DA:32,0
DA:46,2
DA:47,0
DA:77,0
DA:98,2
DA:99,0
DA:131,0
DA:155,2
DA:156,0
DA:173,0
DA:195,2
DA:196,0
DA:212,0
DA:222,2
DA:223,0
DA:239,2
LF:27
LH:8
BRDA:80,0,0,0
BRDA:80,0,1,0
BRDA:82,1,0,0
BRDA:82,1,1,0
BRDA:176,2,0,0
BRDA:176,2,1,0
BRDA:178,3,0,0
BRDA:178,3,1,0
BRDA:230,4,0,0
BRDA:230,4,1,0
BRF:10
BRH:0
end_of_record
TN:
SF:src/services/ai/salaryRecommendation.service.js
FN:34,(anonymous_0)
FN:121,(anonymous_1)
FN:182,(anonymous_2)
FN:193,(anonymous_3)
FN:194,(anonymous_4)
FN:195,(anonymous_5)
FN:196,(anonymous_6)
FN:204,(anonymous_7)
FN:211,(anonymous_8)
FN:217,(anonymous_9)
FN:236,(anonymous_10)
FN:244,(anonymous_11)
FN:251,(anonymous_12)
FNF:13
FNH:0
FNDA:0,(anonymous_0)
FNDA:0,(anonymous_1)
FNDA:0,(anonymous_2)
FNDA:0,(anonymous_3)
FNDA:0,(anonymous_4)
FNDA:0,(anonymous_5)
FNDA:0,(anonymous_6)
FNDA:0,(anonymous_7)
FNDA:0,(anonymous_8)
FNDA:0,(anonymous_9)
FNDA:0,(anonymous_10)
FNDA:0,(anonymous_11)
FNDA:0,(anonymous_12)
DA:6,2
DA:12,2
DA:34,2
DA:36,0
DA:52,0
DA:53,0
DA:56,0
DA:57,0
DA:60,0
DA:63,0
DA:66,0
DA:67,0
DA:70,0
DA:73,0
DA:75,0
DA:115,0
DA:121,2
DA:122,0
DA:124,0
DA:138,0
DA:139,0
DA:140,0
DA:141,0
DA:144,0
DA:146,0
DA:148,0
DA:149,0
DA:150,0
DA:152,0
DA:153,0
DA:154,0
DA:155,0
DA:156,0
DA:157,0
DA:159,0
DA:160,0
DA:162,0
DA:164,0
DA:182,0
DA:183,0
DA:184,0
DA:187,0
DA:193,0
DA:194,0
DA:195,0
DA:196,0
DA:204,2
DA:205,0
DA:206,0
DA:207,0
DA:208,0
DA:211,2
DA:214,0
DA:217,2
DA:218,0
DA:228,0
DA:229,0
DA:236,2
DA:237,0
DA:238,0
DA:239,0
DA:240,0
DA:241,0
DA:244,2
DA:245,0
DA:246,0
DA:247,0
DA:248,0
DA:251,2
DA:252,0
DA:254,0
DA:255,0
DA:256,0
DA:257,0
DA:258,0
DA:259,0
DA:261,0
DA:264,0
DA:265,0
DA:268,0
DA:271,2
LF:81
LH:11
BRDA:52,0,0,0
BRDA:52,0,1,0
BRDA:57,1,0,0
BRDA:57,1,1,0
BRDA:60,2,0,0
BRDA:60,2,1,0
BRDA:106,3,0,0
BRDA:106,3,1,0
BRDA:121,4,0,0
BRDA:139,5,0,0
BRDA:139,5,1,0
BRDA:153,6,0,0
BRDA:153,6,1,0
BRDA:154,7,0,0
BRDA:154,7,1,0
BRDA:173,8,0,0
BRDA:173,8,1,0
BRDA:177,9,0,0
BRDA:177,9,1,0
BRDA:177,10,0,0
BRDA:177,10,1,0
BRDA:205,11,0,0
BRDA:205,11,1,0
BRDA:230,12,0,0
BRDA:230,12,1,0
BRDA:231,13,0,0
BRDA:231,13,1,0
BRDA:237,14,0,0
BRDA:237,14,1,0
BRDA:238,15,0,0
BRDA:238,15,1,0
BRDA:239,16,0,0
BRDA:239,16,1,0
BRDA:240,17,0,0
BRDA:240,17,1,0
BRDA:245,18,0,0
BRDA:245,18,1,0
BRDA:246,19,0,0
BRDA:246,19,1,0
BRDA:247,20,0,0
BRDA:247,20,1,0
BRDA:254,21,0,0
BRDA:254,21,1,0
BRDA:256,22,0,0
BRDA:256,22,1,0
BRDA:258,23,0,0
BRDA:258,23,1,0
BRDA:264,24,0,0
BRDA:264,24,1,0
BRDA:264,25,0,0
BRDA:264,25,1,0
BRF:51
BRH:0
end_of_record
TN:
SF:src/utils/apiResponse.js
FN:12,(anonymous_0)
FN:37,(anonymous_1)
FN:57,(anonymous_2)
FN:78,(anonymous_3)
FNF:4
FNH:4
FNDA:5,(anonymous_0)
FNDA:4,(anonymous_1)
FNDA:9,(anonymous_2)
FNDA:10,(anonymous_3)
DA:12,4
DA:13,5
DA:18,5
DA:19,2
DA:22,5
DA:23,1
DA:26,5
DA:37,4
DA:38,4
DA:57,4
DA:58,9
DA:66,9
DA:67,1
DA:70,9
DA:78,4
DA:79,10
DA:92,4
DA:141,4
LF:18
LH:18
BRDA:12,0,0,2
BRDA:12,1,0,4
BRDA:18,2,0,2
BRDA:18,2,1,3
BRDA:22,3,0,1
BRDA:22,3,1,4
BRDA:57,4,0,8
BRDA:66,5,0,1
BRDA:66,5,1,8
BRF:9
BRH:9
end_of_record
TN:
SF:src/utils/errors.js
FN:12,(anonymous_0)
FN:27,(anonymous_1)
FN:43,(anonymous_2)
FN:52,(anonymous_3)
FN:61,(anonymous_4)
FN:70,(anonymous_5)
FN:79,(anonymous_6)
FN:90,(anonymous_7)
FN:99,(anonymous_8)
FN:108,(anonymous_9)
FNF:10
FNH:7
FNDA:36,(anonymous_0)
FNDA:15,(anonymous_1)
FNDA:7,(anonymous_2)
FNDA:2,(anonymous_3)
FNDA:3,(anonymous_4)
FNDA:2,(anonymous_5)
FNDA:3,(anonymous_6)
FNDA:0,(anonymous_7)
FNDA:0,(anonymous_8)
FNDA:0,(anonymous_9)
DA:6,3
DA:13,36
DA:14,36
DA:15,36
DA:16,36
DA:17,36
DA:19,36
DA:29,15
DA:31,15
DA:32,15
DA:33,15
DA:34,11
DA:44,7
DA:53,2
DA:62,3
DA:71,2
DA:80,3
DA:81,3
DA:82,3
DA:91,0
DA:100,0
DA:109,0
DA:113,3
LF:23
LH:20
BRDA:16,0,0,34
BRDA:16,0,1,2
BRDA:27,1,0,3
BRDA:27,2,0,4
BRDA:29,3,0,15
BRDA:29,3,1,4
BRDA:29,3,2,4
BRDA:31,4,0,11
BRDA:31,4,1,4
BRDA:33,5,0,11
BRDA:33,5,1,4
BRDA:43,6,0,2
BRDA:43,7,0,7
BRDA:52,8,0,1
BRDA:52,9,0,2
BRDA:61,10,0,2
BRDA:61,11,0,3
BRDA:70,12,0,1
BRDA:70,13,0,2
BRDA:79,14,0,1
BRDA:79,15,0,2
BRDA:90,16,0,0
BRDA:99,17,0,0
BRDA:99,18,0,0
BRDA:108,19,0,0
BRF:25
BRH:21
end_of_record
TN:
SF:src/utils/jwt.js
FN:13,(anonymous_0)
FN:27,(anonymous_1)
FN:34,(anonymous_2)
FN:41,(anonymous_3)
FN:62,(anonymous_4)
FN:69,(anonymous_5)
FN:90,(anonymous_6)
FNF:7
FNH:7
FNDA:7,(anonymous_0)
FNDA:5,(anonymous_1)
FNDA:5,(anonymous_2)
FNDA:6,(anonymous_3)
FNDA:3,(anonymous_4)
FNDA:2,(anonymous_5)
FNDA:2,(anonymous_6)
DA:6,3
DA:7,3
DA:8,3
DA:13,3
DA:14,7
DA:15,7
DA:17,7
DA:27,3
DA:28,5
DA:34,3
DA:35,5
DA:41,3
DA:42,6
DA:43,6
DA:45,6
DA:50,3
DA:51,0
DA:52,3
DA:53,3
DA:55,3
DA:62,3
DA:63,3
DA:69,3
DA:70,2
DA:76,2
DA:77,2
DA:79,2
DA:90,3
DA:91,2
DA:92,2
DA:93,2
DA:96,3
LF:32
LH:31
BRDA:14,0,0,7
BRDA:14,0,1,0
BRDA:15,1,0,7
BRDA:15,1,1,0
BRDA:43,2,0,6
BRDA:43,2,1,0
BRDA:50,3,0,0
BRDA:50,3,1,3
BRDA:52,4,0,3
BRDA:52,4,1,0
BRDA:82,5,0,2
BRDA:82,5,1,0
BRDA:83,6,0,2
BRDA:83,6,1,0
BRDA:91,7,0,2
BRDA:91,7,1,0
BRDA:92,8,0,2
BRDA:92,8,1,0
BRF:18
BRH:9
end_of_record
TN:
SF:src/utils/taxCalculator.js
FN:34,(anonymous_0)
FN:67,(anonymous_1)
FN:87,(anonymous_2)
FN:102,(anonymous_3)
FN:117,(anonymous_4)
FN:153,(anonymous_5)
FN:156,(anonymous_6)
FNF:7
FNH:5
FNDA:15,(anonymous_0)
FNDA:5,(anonymous_1)
FNDA:6,(anonymous_2)
FNDA:6,(anonymous_3)
FNDA:3,(anonymous_4)
FNDA:0,(anonymous_5)
FNDA:0,(anonymous_6)
DA:9,3
DA:19,3
DA:34,3
DA:35,15
DA:37,15
DA:38,15
DA:40,15
DA:41,36
DA:42,15
DA:43,15
DA:44,13
DA:45,13
DA:47,15
DA:51,15
DA:67,3
DA:68,5
DA:69,5
DA:71,5
DA:87,3
DA:88,6
DA:89,6
DA:91,6
DA:102,3
DA:104,6
DA:105,6
DA:107,6
DA:117,3
DA:118,3
DA:119,3
DA:120,3
DA:125,3
DA:128,3
DA:133,3
DA:153,3
DA:154,0
DA:156,0
DA:164,3
LF:37
LH:35
BRDA:34,0,0,0
BRDA:35,1,0,12
BRDA:35,1,1,3
BRDA:41,2,0,15
BRDA:41,2,1,21
BRDA:41,3,0,36
BRDA:41,3,1,36
BRDA:43,4,0,13
BRDA:43,4,1,2
BRDA:55,5,0,15
BRDA:55,5,1,0
BRDA:56,6,0,15
BRDA:56,6,1,0
BRDA:56,7,0,1
BRDA:56,7,1,14
BRDA:67,8,0,0
BRDA:117,9,0,0
BRDA:117,10,0,2
BRDA:123,11,0,2
BRDA:124,12,0,2
BRDA:153,13,0,0
BRDA:154,14,0,0
BRDA:154,14,1,0
BRDA:158,15,0,0
BRDA:158,15,1,0
BRF:25
BRH:15
end_of_record
TN:
SF:src/utils/transformers.js
FN:6,(anonymous_0)
FN:6,(anonymous_1)
FN:8,(anonymous_2)
FN:13,(anonymous_3)
FN:19,(anonymous_4)
FN:28,(anonymous_5)
FN:34,(anonymous_6)
FN:43,(anonymous_7)
FN:48,(anonymous_8)
FN:61,(anonymous_9)
FN:124,(anonymous_10)
FN:126,(anonymous_11)
FN:147,(anonymous_12)
FN:169,(anonymous_13)
FN:171,(anonymous_14)
FN:206,(anonymous_15)
FN:208,(anonymous_16)
FN:231,(anonymous_17)
FN:248,(anonymous_18)
FN:262,(anonymous_19)
FN:272,(anonymous_20)
FN:279,(anonymous_21)
FNF:22
FNH:11
FNDA:5,(anonymous_0)
FNDA:5,(anonymous_1)
FNDA:5,(anonymous_2)
FNDA:0,(anonymous_3)
FNDA:0,(anonymous_4)
FNDA:0,(anonymous_5)
FNDA:0,(anonymous_6)
FNDA:53,(anonymous_7)
FNDA:6,(anonymous_8)
FNDA:4,(anonymous_9)
FNDA:2,(anonymous_10)
FNDA:2,(anonymous_11)
FNDA:1,(anonymous_12)
FNDA:0,(anonymous_13)
FNDA:1,(anonymous_14)
FNDA:0,(anonymous_15)
FNDA:0,(anonymous_16)
FNDA:0,(anonymous_17)
FNDA:0,(anonymous_18)
FNDA:0,(anonymous_19)
FNDA:20,(anonymous_20)
FNDA:0,(anonymous_21)
DA:6,5
DA:8,5
DA:13,3
DA:14,0
DA:15,0
DA:16,0
DA:18,0
DA:19,0
DA:20,0
DA:21,0
DA:25,0
DA:28,3
DA:29,0
DA:30,0
DA:31,0
DA:33,0
DA:34,0
DA:35,0
DA:36,0
DA:40,0
DA:43,3
DA:44,53
DA:45,53
DA:48,3
DA:49,6
DA:50,6
DA:52,6
DA:53,6
DA:56,0
DA:57,0
DA:58,0
DA:61,3
DA:62,4
DA:64,4
DA:65,4
DA:66,4
DA:67,4
DA:69,4
DA:124,3
DA:126,3
DA:127,2
DA:129,2
DA:130,2
DA:131,2
DA:133,0
DA:134,0
DA:137,0
DA:138,0
DA:140,0
DA:147,3
DA:148,1
DA:150,1
DA:152,1
DA:169,3
DA:171,3
DA:172,1
DA:174,1
DA:175,1
DA:177,1
DA:206,3
DA:208,3
DA:209,0
DA:211,0
DA:213,0
DA:231,3
DA:232,0
DA:234,0
DA:236,0
DA:248,3
DA:249,0
DA:251,0
DA:262,3
DA:263,0
DA:265,0
DA:272,3
DA:273,20
DA:274,5
DA:275,5
DA:276,5
DA:279,3
DA:280,0
DA:281,0
DA:282,0
DA:283,0
DA:286,3
LF:85
LH:47
BRDA:14,0,0,0
BRDA:14,0,1,0
BRDA:14,1,0,0
BRDA:14,1,1,0
BRDA:15,2,0,0
BRDA:15,2,1,0
BRDA:16,3,0,0
BRDA:16,3,1,0
BRDA:18,4,0,0
BRDA:18,4,1,0
BRDA:29,5,0,0
BRDA:29,5,1,0
BRDA:29,6,0,0
BRDA:29,6,1,0
BRDA:30,7,0,0
BRDA:30,7,1,0
BRDA:31,8,0,0
BRDA:31,8,1,0
BRDA:33,9,0,0
BRDA:33,9,1,0
BRDA:43,10,0,53
BRDA:45,11,0,7
BRDA:45,11,1,46
BRDA:49,12,0,6
BRDA:49,12,1,0
BRDA:49,12,2,0
BRDA:50,13,0,6
BRDA:50,13,1,0
BRDA:50,13,2,0
BRDA:52,14,0,6
BRDA:52,14,1,0
BRDA:52,15,0,6
BRDA:52,15,1,0
BRDA:56,16,0,0
BRDA:56,16,1,0
BRDA:56,16,2,0
BRDA:57,17,0,0
BRDA:62,18,0,0
BRDA:62,18,1,4
BRDA:65,19,0,4
BRDA:65,19,1,2
BRDA:65,19,2,2
BRDA:65,19,3,2
BRDA:77,20,0,4
BRDA:77,20,1,4
BRDA:78,21,0,4
BRDA:78,21,1,4
BRDA:80,22,0,4
BRDA:80,22,1,4
BRDA:81,23,0,4
BRDA:81,23,1,4
BRDA:82,24,0,4
BRDA:82,24,1,4
BRDA:83,25,0,4
BRDA:83,25,1,4
BRDA:84,26,0,4
BRDA:84,26,1,3
BRDA:85,27,0,4
BRDA:85,27,1,3
BRDA:86,28,0,4
BRDA:86,28,1,3
BRDA:87,29,0,4
BRDA:87,29,1,3
BRDA:87,29,2,3
BRDA:88,30,0,4
BRDA:88,30,1,3
BRDA:89,31,0,4
BRDA:89,31,1,3
BRDA:90,32,0,4
BRDA:90,32,1,3
BRDA:91,33,0,4
BRDA:91,33,1,3
BRDA:93,34,0,4
BRDA:93,34,1,4
BRDA:93,34,2,4
BRDA:94,35,0,0
BRDA:94,35,1,4
BRDA:95,36,0,0
BRDA:95,36,1,0
BRDA:97,37,0,4
BRDA:97,37,1,4
BRDA:98,38,0,4
BRDA:98,38,1,4
BRDA:99,39,0,4
BRDA:99,39,1,4
BRDA:100,40,0,4
BRDA:100,40,1,4
BRDA:101,41,0,4
BRDA:101,41,1,3
BRDA:103,42,0,4
BRDA:103,42,1,4
BRDA:103,42,2,4
BRDA:104,43,0,4
BRDA:104,43,1,4
BRDA:104,43,2,4
BRDA:109,44,0,4
BRDA:109,44,1,4
BRDA:124,45,0,0
BRDA:127,46,0,0
BRDA:127,46,1,2
BRDA:129,47,0,2
BRDA:129,47,1,0
BRDA:131,48,0,2
BRDA:131,48,1,0
BRDA:134,49,0,0
BRDA:134,49,1,0
BRDA:138,50,0,0
BRDA:138,50,1,0
BRDA:148,51,0,0
BRDA:148,51,1,1
BRDA:155,52,0,1
BRDA:155,52,1,0
BRDA:155,53,0,1
BRDA:155,53,1,1
BRDA:156,54,0,1
BRDA:156,54,1,0
BRDA:156,54,2,0
BRDA:157,55,0,1
BRDA:157,55,1,1
BRDA:161,56,0,1
BRDA:161,56,1,0
BRDA:162,57,0,1
BRDA:162,57,1,0
BRDA:165,58,0,1
BRDA:165,58,1,1
BRDA:169,59,0,0
BRDA:172,60,0,0
BRDA:172,60,1,1
BRDA:175,61,0,1
BRDA:175,61,1,1
BRDA:181,62,0,1
BRDA:181,62,1,1
BRDA:182,63,0,1
BRDA:182,63,1,1
BRDA:184,64,0,1
BRDA:184,64,1,0
BRDA:184,64,2,0
BRDA:185,65,0,1
BRDA:185,65,1,0
BRDA:189,66,0,1
BRDA:189,66,1,0
BRDA:190,67,0,1
BRDA:190,67,1,0
BRDA:192,68,0,1
BRDA:192,68,1,1
BRDA:194,69,0,1
BRDA:194,69,1,1
BRDA:196,70,0,1
BRDA:196,70,1,1
BRDA:197,71,0,1
BRDA:197,71,1,1
BRDA:199,72,0,1
BRDA:199,72,1,1
BRDA:200,73,0,1
BRDA:200,73,1,0
BRDA:200,73,2,0
BRDA:200,73,3,0
BRDA:206,74,0,0
BRDA:209,75,0,0
BRDA:209,75,1,0
BRDA:216,76,0,0
BRDA:216,76,1,0
BRDA:216,77,0,0
BRDA:216,77,1,0
BRDA:232,78,0,0
BRDA:232,78,1,0
BRDA:241,79,0,0
BRDA:241,79,1,0
BRDA:241,80,0,0
BRDA:241,80,1,0
BRDA:243,81,0,0
BRDA:243,81,1,0
BRDA:249,82,0,0
BRDA:249,82,1,0
BRDA:263,83,0,0
BRDA:263,83,1,0
BRDA:267,84,0,0
BRDA:267,84,1,0
BRDA:268,85,0,0
BRDA:268,85,1,0
BRDA:273,86,0,15
BRDA:273,86,1,5
BRDA:275,87,0,0
BRDA:275,87,1,5
BRDA:280,88,0,0
BRDA:280,88,1,0
BRDA:282,89,0,0
BRDA:282,89,1,0
BRF:188
BRH:102
end_of_record
